
Start-Date: 2023-08-20  11:41:24
Commandline: apt upgrade
Upgrade: mx-user:amd64 (23.7.07, 23.8)
End-Date: 2023-08-20  11:41:25

Start-Date: 2023-08-20  11:41:59
Commandline: apt install lxterminal
Install: lxterminal:amd64 (0.4.0-1)
End-Date: 2023-08-20  11:42:00

Start-Date: 2023-08-20  11:42:51
Commandline: apt remove xterm autofs
Remove: autofs:amd64 (5.1.7-1), xterm:amd64 (366-1+deb11u1)
End-Date: 2023-08-20  11:42:52

Start-Date: 2023-08-20  11:44:08
Commandline: apt install rtkit xarchiver
Install: xarchiver:amd64 (1:0.5.4.17-2), rtkit:amd64 (0.13-4)
End-Date: 2023-08-20  11:44:09

Start-Date: 2023-08-20  11:44:58
Commandline: apt remove mx-usb-unmounter
Remove: mx-usb-unmounter:amd64 (23.02)
End-Date: 2023-08-20  11:44:58

Start-Date: 2023-08-20  11:45:13
Commandline: apt autoremove
Remove: libutempter0:amd64 (1.2.1-2)
End-Date: 2023-08-20  11:45:14
