
Start-Date: 2023-11-21  02:06:24
Commandline: apt remove xfce4 exo-utils libexo-2-0 libexo-common libexo-helpers libgarcon-1-0 libgarcon-common libnotify-bin libthunarx-3-0 libtumbler-1-0 libwnck-common libwnck22 libxfce4panel-2.0-4 libxfce4ui-1-0 libxfce4ui-2-0 libxfce4ui-common libxfce4ui-utils libxfce4util-bin libxfce4util-common libxfce4util7 light-locker pavucontrol tango-icon-theme thunar thunar-data thunar-volman tumbler tumbler-common xfce4-appfinder xfce4-notifyd xfce4-panel xfce4-pulseaudio-plugin xfce4-session xfce4-settings xfconf xfdesktop4 xfdesktop4-data xfwm4 thunar-archive-plugin thunar-media-tags-plugin tumbler-plugins-extra xfce4-goodies xfce4-power-manager
Install: xbitmaps:amd64 (1.1.1-2.1, automatic), xterm:amd64 (366-1+deb11u1, automatic)
Remove: xfce4-xkb-plugin:amd64 (1:0.8.3-1~mx21), thunar-modified-desktop-file:amd64 (21.07.01), libxfce4util-bin:amd64 (4.18.1-1~mx21+1), xfce4-battery-plugin:amd64 (1.1.4-1~mx21), exo-utils:amd64 (4.18.0-1~mx21), libxfce4ui-common:amd64 (4.18.1-1~mx21+1), thunar-data:amd64 (4.18.3-1~mx21+1), blueman:amd64 (2.1.4-1+b1), xfce4-panel:amd64 (4.18.1-1~mx21+1), tumbler:amd64 (4.18.0-1~mx21), libxfce4ui-2-0:amd64 (4.18.1-1~mx21+1), tumbler-common:amd64 (4.18.0-1~mx21), pavucontrol:amd64 (4.0-2), libxfconf-0-3:amd64 (4.18.0-1~mx21), xfce4-taskmanager:amd64 (1.5.2-1~mx21+1), libxfce4panel-2.0-4:amd64 (4.18.1-1~mx21+1), xfwm4:amd64 (4.18.0-1~mx21), libgarcon-gtk3-1-0:amd64 (4.18.0-1~mx21), xfce4-power-manager:amd64 (4.18.0-1~mx21), xfce4-docklike-plugin:amd64 (0.4.0+git20211128-1~mx21+1), xfdesktop4:amd64 (4.18.1-1~mx21+1), thunar-archive-plugin:amd64 (0.5.0-1~mx21+1), xfconf:amd64 (4.18.0-1~mx21), xfce4-settings:amd64 (4.18.0-1~mx21), xfce4-terminal:amd64 (0.8.10-1), xfce4-session:amd64 (4.18.0-1~mx21), thunar-volman:amd64 (4.18.0-1~mx21), libtumbler-1-0:amd64 (4.18.0-1~mx21), xfce4-places-plugin:amd64 (1.8.3-1~mx21), libexo-2-0:amd64 (4.18.0-1~mx21), xfce4-appfinder:amd64 (4.18.0-1~mx21), desktop-defaults-mx-xfce:amd64 (23.01.01mx21), thunar:amd64 (4.18.3-1~mx21+1), xfce4-power-manager-plugins:amd64 (4.18.0-1~mx21), xfce4-wavelan-plugin:amd64 (0.6.3-1~mx21), libxfce4util7:amd64 (4.18.1-1~mx21+1), xfdesktop4-data:amd64 (4.18.1-1~mx21+1), xfce4-screenshooter:amd64 (1.9.9-1~mx21+1), libthunarx-3-0:amd64 (4.18.3-1~mx21+1), xfce4-genmon-plugin:amd64 (4.1.1-1), xfce4-mount-plugin:amd64 (1.1.5-1), xfce4-pulseaudio-plugin:amd64 (0.4.5-1~mx21), xfce4-whiskermenu-plugin:amd64 (2.7.1-1~mx21+1), xfce4-datetime-plugin:amd64 (0.8.2-1~mx21), libgarcon-1-0:amd64 (4.18.0-1~mx21), xfce4-fsguard-plugin:amd64 (1.1.2-1), xfce4-notifyd:amd64 (0.6.2-1), libxfce4util-common:amd64 (4.18.1-1~mx21+1), libgarcon-common:amd64 (4.18.0-1~mx21), libexo-common:amd64 (4.18.0-1~mx21)
End-Date: 2023-11-21  02:06:29

Start-Date: 2023-11-21  02:07:56
Commandline: apt remove xfce-superkey-mx xfce4-dev-tools xfce4-power-manager-data xfce4-helpers desktop-defaults-mx-xfce-system desktop-defaults-mx-xfce-desktop file-roller menulibre qpdfview gthumb pdfarranger mx-tour mc info gsmartcontrol htop luckybackup transmission-gtk
Remove: xfce4-dev-tools:amd64 (4.18.0-1~mx21), xfce4-power-manager-data:amd64 (4.18.0-1~mx21), desktop-defaults-mx-xfce-system:amd64 (23.01.01mx21), xfce4-helpers:amd64 (4.18.0-1~mx21), xfce-superkey-mx:amd64 (21.09.01), desktop-defaults-mx-xfce-desktop:amd64 (23.01.01mx21)
End-Date: 2023-11-21  02:07:57

Start-Date: 2023-11-21  02:09:54
Commandline: apt install wmaker spacefm-gtk3 xdm lxterminal
Install: lxterminal:amd64 (0.4.0-1), libheif1:amd64 (1.11.0-1, automatic), xdm:amd64 (1:1.1.11-3+b2), libgif7:amd64 (5.1.9-2, automatic), libfftw3-double3:amd64 (3.3.8-2, automatic), libwings3:amd64 (0.95.9-2, automatic), wmaker-common:amd64 (0.95.9-2, automatic), libwebpdemux2:amd64 (0.6.1-2.1+deb11u2, automatic), wmaker:amd64 (0.95.9-2), libmagickwand-6.q16-6:amd64 (8:6.9.11.60+dfsg-1.3+deb11u1, automatic), libffmpegthumbnailer4v5:amd64 (2.1.1-0.2+b1, automatic), libwraster6:amd64 (0.95.9-2, automatic), libmagickcore-6.q16-6:amd64 (8:6.9.11.60+dfsg-1.3+deb11u1, automatic), spacefm-common:amd64 (1.0.6-5, automatic), libwutil5:amd64 (0.95.9-2, automatic), imagemagick-6-common:amd64 (8:6.9.11.60+dfsg-1.3+deb11u1, automatic), spacefm-gtk3:amd64 (1.0.6-5), libde265-0:amd64 (1.0.11-0+deb11u1, automatic), liblqr-1-0:amd64 (0.4.2-2.1, automatic)
End-Date: 2023-11-21  02:10:24

Start-Date: 2023-11-21  02:12:13
Commandline: apt install wmaker-data wmaker-utils
Install: wmaker-utils:amd64 (0.95.9-2), wmaker-data:amd64 (0.9~3-4.1)
End-Date: 2023-11-21  02:12:14

Start-Date: 2023-11-21  02:12:39
Commandline: apt remove xterm
Remove: xterm:amd64 (366-1+deb11u1)
End-Date: 2023-11-21  02:12:39

Start-Date: 2023-11-21  02:13:00
Commandline: apt install l3afpad xscreensaver
Install: l3afpad:amd64 (0.8.18.1.11-4~mx21+1), xscreensaver:amd64 (5.45+dfsg1-2), xscreensaver-data:amd64 (5.45+dfsg1-2, automatic)
End-Date: 2023-11-21  02:13:02

Start-Date: 2023-11-21  02:14:57
Commandline: apt install mx-docs mx-snapshot mx-live-usb-maker mx-packageinstaller formatusb mx-tweak synaptic cli-aptix
Install: cli-aptix:amd64 (0.2.26mx19+1), synaptic:amd64 (0.90.2), mx-docs:amd64 (20230520+1), mx-launcher-l10n:amd64 (23.05.01, automatic), libept1.6.0:amd64 (1.2.1, automatic), formatusb:amd64 (23.11.01)
Upgrade: mx-tweak:amd64 (23.01.04mx21, 23.01.05mx21), mx-snapshot:amd64 (23.10.01, 23.11.03), mx-packageinstaller:amd64 (23.9.01, 23.11.07)
End-Date: 2023-11-21  02:15:09

Start-Date: 2023-11-21  02:15:47
Commandline: apt install cups cups-pdf
Install: cups-filters:amd64 (1.28.7-1+deb11u2, automatic), libpaper1:amd64 (1.1.28+b1, automatic), libjbig2dec0:amd64 (0.19-2, automatic), libidn11:amd64 (1.33-3, automatic), cups-common:amd64 (2.3.3op2-3+deb11u6, automatic), libijs-0.35:amd64 (0.35-15, automatic), cups-client:amd64 (2.3.3op2-3+deb11u6, automatic), cups-ppdc:amd64 (2.3.3op2-3+deb11u6, automatic), cups-daemon:amd64 (2.3.3op2-3+deb11u6, automatic), libfontembed1:amd64 (1.28.7-1+deb11u2, automatic), libqpdf28:amd64 (10.1.0-1, automatic), libgs9-common:amd64 (9.53.3~dfsg-7+deb11u6, automatic), libpoppler-cpp0v5:amd64 (20.09.0-3.1+deb11u1, automatic), poppler-data:amd64 (0.4.10-1, automatic), cups-filters-core-drivers:amd64 (1.28.7-1+deb11u2, automatic), poppler-utils:amd64 (20.09.0-3.1+deb11u1, automatic), cups-ipp-utils:amd64 (2.3.3op2-3+deb11u6, automatic), ghostscript:amd64 (9.53.3~dfsg-7+deb11u6, automatic), fonts-urw-base35:amd64 (20200910-1, automatic), printer-driver-cups-pdf:amd64 (3.0.1-9), libpaper-utils:amd64 (1.1.28+b1, automatic), cups-core-drivers:amd64 (2.3.3op2-3+deb11u6, automatic), cups:amd64 (2.3.3op2-3+deb11u6), libgs9:amd64 (9.53.3~dfsg-7+deb11u6, automatic), cups-server-common:amd64 (2.3.3op2-3+deb11u6, automatic), libcupsfilters1:amd64 (1.28.7-1+deb11u2, automatic)
End-Date: 2023-11-21  02:15:58

Start-Date: 2023-11-21  02:16:49
Commandline: apt install xpdf sxiv
Install: libimlib2:amd64 (1.7.1-2, automatic), libid3tag0:amd64 (0.15.1b-14, automatic), xpdf:amd64 (3.04+git20210103-3), sxiv:amd64 (26-1), libmotif-common:amd64 (2.3.8-3, automatic), libxm4:amd64 (2.3.8-3, automatic)
End-Date: 2023-11-21  02:16:50

Start-Date: 2023-11-21  02:17:01
Commandline: apt install pulseaudio pavucontrol rtkit
Install: pavucontrol:amd64 (4.0-2), rtkit:amd64 (0.13-4)
End-Date: 2023-11-21  02:17:02

Start-Date: 2023-11-21  02:17:25
Commandline: apt install audacious gnome-sound-recorder vlc vlc-l10n
Install: vlc-plugin-qt:amd64 (3.0.20-0+deb11u1, automatic), libneon27-gnutls:amd64 (0.31.2-1, automatic), libvlc5:amd64 (3.0.20-0+deb11u1, automatic), liblirc-client0:amd64 (0.10.1-6.3, automatic), libsdl-image1.2:amd64 (1.2.12-12, automatic), gnome-sound-recorder:amd64 (3.38.1-1), vlc-data:amd64 (3.0.20-0+deb11u1, automatic), gjs:amd64 (1.66.2-1, automatic), libgjs0g:amd64 (1.66.2-1, automatic), libfluidsynth2:amd64 (2.1.7-1.1, automatic), libmatroska7:amd64 (1.6.2-1, automatic), gir1.2-gstreamer-1.0:amd64 (1.18.4-2.1, automatic), libvlccore9:amd64 (3.0.20-0+deb11u1, automatic), vlc:amd64 (3.0.20-0+deb11u1), audacious:amd64 (4.0.5-1), libcdio-cdda2:amd64 (10.2+2.0.0-1+b2, automatic), vlc-bin:amd64 (3.0.20-0+deb11u1, automatic), libresid-builder0c2a:amd64 (2.1.1-15+b1, automatic), libopenmpt-modplug1:amd64 (0.4.11-1, automatic), audacious-plugins:amd64 (4.0.5-1, automatic), vlc-l10n:amd64 (3.0.20-0+deb11u1), liblua5.2-0:amd64 (5.2.4-1.1+b3, automatic), libcdio19:amd64 (2.1.0-2, automatic), libspatialaudio0:amd64 (0.3.0+git20180730+dfsg1-2+b1, automatic), audacious-plugins-data:amd64 (4.0.5-1, automatic), libmad0:amd64 (0.15.1b-10, automatic), libsidplay2:amd64 (2.1.1-15+b1, automatic), libgstreamer-gl1.0-0:amd64 (1.18.4-2+deb11u1, automatic), libmpcdec6:amd64 (2:0.1~r495-2, automatic), libdvbpsi10:amd64 (1.3.3-1, automatic), libfaad2:amd64 (2.10.0-1, automatic), timgm6mb-soundfont:amd64 (1.3-5, automatic), libprotobuf-lite23:amd64 (3.12.4-1+deb11u1, automatic), libmms0:amd64 (0.6.4-3, automatic), gir1.2-gst-plugins-base-1.0:amd64 (1.18.4-2+deb11u1, automatic), libmodplug1:amd64 (1:0.8.9.0-3, automatic), libgles2:amd64 (1.3.2-1, automatic), libupnp13:amd64 (1:1.8.4-2, automatic), libqt5multimedia5:amd64 (5.15.2-3, automatic), libsndio7.0:amd64 (1.5.0-3, automatic), libgstreamer-plugins-bad1.0-0:amd64 (1.18.4-3+deb11u2, automatic), libqt5opengl5:amd64 (5.15.2+dfsg-9, automatic), libebml5:amd64 (1.4.2-1, automatic), gir1.2-handy-1:amd64 (1.0.3-2, automatic), libcue2:amd64 (2.2.1-3+deb11u1, automatic), libnfs13:amd64 (4.0.0-1, automatic), libkate1:amd64 (0.4.1-11, automatic), libaudgui5:amd64 (4.0.5-1, automatic), libmpeg2-4:amd64 (0.5.1-9, automatic), libdca0:amd64 (0.0.7-2, automatic), libsdl2-2.0-0:amd64 (2.0.14+dfsg2-3+deb11u1, automatic), gir1.2-gst-plugins-bad-1.0:amd64 (1.18.4-3+deb11u2, automatic), gtk2-engines-pixbuf:amd64 (2.24.33-2, automatic), libva-wayland2:amd64 (2.10.0-1, automatic), vlc-plugin-video-output:amd64 (3.0.20-0+deb11u1, automatic), libsdl1.2debian:amd64 (1.2.15+dfsg2-6, automatic), libdvdnav4:amd64 (6.1.0-1+b1, automatic), libdc1394-25:amd64 (2.2.6-3, automatic), liba52-0.7.4:amd64 (0.7.4-20, automatic), libinstpatch-1.0-2:amd64 (1.1.6-1, automatic), libaudcore5:amd64 (4.0.5-1, automatic), libcddb2:amd64 (1.3.2-6+b1, automatic), libhandy-1-0:amd64 (1.0.3-2, automatic), libaudqt2:amd64 (4.0.5-1, automatic), libplacebo72:amd64 (2.72.2-1, automatic), libaribb24-0:amd64 (1.0.3-2, automatic), libaudtag3:amd64 (4.0.5-1, automatic), libmozjs-78-0:amd64 (78.4.0-2, automatic), libixml10:amd64 (1:1.8.4-2, automatic), libdvdread8:amd64 (6.1.1-2, automatic), libsidplayfp5:amd64 (2.0.5-2, automatic), libvlc-bin:amd64 (3.0.20-0+deb11u1, automatic), vlc-plugin-base:amd64 (3.0.20-0+deb11u1, automatic), libxcb-xv0:amd64 (1.14-3, automatic)
End-Date: 2023-11-21  02:17:34

Start-Date: 2023-11-21  02:17:42
Commandline: apt install sylpheed sylpheed-i18n aspell-en
Install: libonig5:amd64 (6.9.6-1.1, automatic), sylpheed:amd64 (3.7.0-8), emacsen-common:amd64 (3.0.4, automatic), sylpheed-i18n:amd64 (3.7.0-8), libaspell15:amd64 (0.60.8-3, automatic), dictionaries-common:amd64 (1.28.4, automatic), libgtkspell0:amd64 (2.0.16-1.3, automatic), libcompfaceg1:amd64 (1:1.5.2-5+b2, automatic), aspell-en:amd64 (2018.04.16-0-1), libenchant-2-2:amd64 (2.2.15-1, automatic), aspell:amd64 (0.60.8-3, automatic)
End-Date: 2023-11-21  02:17:48

Start-Date: 2023-11-21  02:17:59
Commandline: apt install uim-anthy uim im-config zenity kasumi uim-gtk2.0 uim-gtk3 uim-qt5 uim-xim uim-fep fonts-vlgothic fonts-ipafont-mincho
Install: libm17n-0:amd64 (1.8.0-2, automatic), libgcroots0:amd64 (0.9.1-1, automatic), uim-gtk2.0:amd64 (1:1.8.8-9), libwpebackend-fdo-1.0-1:amd64 (1.8.0-1, automatic), anthy:amd64 (1:0.4-2, automatic), uim-gtk3:amd64 (1:1.8.8-9), uim:amd64 (1:1.8.8-9), uim-gtk2.0-immodule:amd64 (1:1.8.8-9, automatic), libanthyinput0:amd64 (1:0.4-2, automatic), libmanette-0.2-0:amd64 (0.2.5-1, automatic), libuim-scm0:amd64 (1:1.8.8-9, automatic), uim-gtk3-immodule:amd64 (1:1.8.8-9, automatic), im-config:amd64 (0.46-1+deb11u1), uim-qt5-immodule:amd64 (1:1.8.8-9, automatic), libwoff1:amd64 (1.0.2-1+b1, automatic), libanthy1:amd64 (1:0.4-2, automatic), uim-data:amd64 (1:1.8.8-9, automatic), uim-anthy:amd64 (1:1.8.8-9), libharfbuzz-icu0:amd64 (2.7.4-1, automatic), libwpe-1.0-1:amd64 (1.10.0-2, automatic), libuim-data:amd64 (1:1.8.8-9, automatic), libuim-custom2:amd64 (1:1.8.8-9, automatic), zenity-common:amd64 (3.32.0-6, automatic), zenity:amd64 (3.32.0-6), libxslt1.1:amd64 (1.1.34-4+deb11u1, automatic), libjavascriptcoregtk-4.0-18:amd64 (2.42.2-1~deb11u1, automatic), anthy-common:amd64 (1:0.4-2, automatic), fonts-vlgothic:amd64 (20200720-1), m17n-db:amd64 (1.8.0-3, automatic), kasumi:amd64 (2.5-9+b1), uim-plugins:amd64 (1:1.8.8-9, automatic), libotf0:amd64 (0.9.13-7, automatic), libhyphen0:amd64 (2.8.8-7, automatic), libuim8:amd64 (1:1.8.8-9, automatic), libwebkit2gtk-4.0-37:amd64 (2.42.2-1~deb11u1, automatic), uim-fep:amd64 (1:1.8.8-9), libgd3:amd64 (2.3.0-2, automatic), fonts-ipafont-mincho:amd64 (00303-21), uim-qt5:amd64 (1:1.8.8-9), uim-xim:amd64 (1:1.8.8-9)
End-Date: 2023-11-21  02:18:09

Start-Date: 2023-11-21  02:18:16
Commandline: apt install uim-chewing uim-pinyin fonts-wqy-microhei
Install: libchewing3-data:amd64 (0.5.1-4, automatic), uim-pinyin:amd64 (1:1.8.8-9), uim-chewing:amd64 (0.1.0-6), fonts-wqy-microhei:amd64 (0.2.0-beta-3.1), libchewing3:amd64 (0.5.1-4, automatic)
End-Date: 2023-11-21  02:18:17

Start-Date: 2023-11-21  02:18:43
Commandline: apt install firefox-esr firefox-esr-l10n-de firefox-esr-l10n-es-es firefox-esr-l10n-el firefox-esr-l10n-fr firefox-esr-l10n-hi-in firefox-esr-l10n-hr firefox-esr-l10n-hu firefox-esr-l10n-id firefox-esr-l10n-it firefox-esr-l10n-ja firefox-esr-l10n-nl firefox-esr-l10n-pl firefox-esr-l10n-pt-br firefox-esr-l10n-ru firefox-esr-l10n-sv-se firefox-esr-l10n-zh-tw
Install: firefox-esr-l10n-sv-se:amd64 (115.4.0esr-1~deb11u1), firefox-esr-l10n-es-es:amd64 (115.4.0esr-1~deb11u1), firefox-esr-l10n-hi-in:amd64 (115.4.0esr-1~deb11u1), firefox-esr-l10n-de:amd64 (115.4.0esr-1~deb11u1), firefox-esr-l10n-el:amd64 (115.4.0esr-1~deb11u1), firefox-esr-l10n-fr:amd64 (115.4.0esr-1~deb11u1), firefox-esr-l10n-hr:amd64 (115.4.0esr-1~deb11u1), firefox-esr-l10n-hu:amd64 (115.4.0esr-1~deb11u1), firefox-esr-l10n-id:amd64 (115.4.0esr-1~deb11u1), firefox-esr-l10n-it:amd64 (115.4.0esr-1~deb11u1), firefox-esr-l10n-ja:amd64 (115.4.0esr-1~deb11u1), firefox-esr-l10n-nl:amd64 (115.4.0esr-1~deb11u1), firefox-esr-l10n-pl:amd64 (115.4.0esr-1~deb11u1), firefox-esr-l10n-ru:amd64 (115.4.0esr-1~deb11u1), firefox-esr-l10n-pt-br:amd64 (115.4.0esr-1~deb11u1), firefox-esr-l10n-zh-tw:amd64 (115.4.0esr-1~deb11u1), firefox-esr:amd64 (115.4.0esr-1~deb11u1)
End-Date: 2023-11-21  02:18:54

Start-Date: 2023-11-21  02:19:02
Commandline: apt install geany geany-plugin-spellcheck
Install: geany-common:amd64 (1.37.1-2, automatic), geany-plugin-spellcheck:amd64 (1.37+dfsg-6), geany-plugins-common:amd64 (1.37+dfsg-6, automatic), geany:amd64 (1.37.1-2)
End-Date: 2023-11-21  02:19:04

Start-Date: 2023-11-21  02:19:11
Commandline: apt install gnome-screenshot lazpaint-gtk2
Install: lazpaint-gtk2:amd64 (7.2.2-1~mx21+1), gnome-screenshot:amd64 (3.38.0-1)
End-Date: 2023-11-21  02:19:12

Start-Date: 2023-11-21  02:25:36
Commandline: apt install libgdk-pixbuf2.0-bin
Install: libgdk-pixbuf2.0-bin:amd64 (2.42.2+dfsg-1+deb11u1)
End-Date: 2023-11-21  02:25:37

Start-Date: 2023-11-21  02:26:14
Commandline: apt install system-config-printer wmshutdown
Install: gir1.2-notify-0.7:amd64 (0.7.9-3, automatic), python3-requests:amd64 (2.25.1+dfsg-2, automatic), gir1.2-packagekitglib-1.0:amd64 (1.2.2-2, automatic), python3-pkg-resources:amd64 (52.0.0-4, automatic), system-config-printer-common:amd64 (1.5.14-1, automatic), wmshutdown:amd64 (1.6-1), gir1.2-polkit-1.0:amd64 (0.105-31+deb11u1, automatic), python3-certifi:amd64 (2020.6.20-1, automatic), libpackagekit-glib2-18:amd64 (1.2.2-2, automatic), system-config-printer:amd64 (1.5.14-1), python3-cups:amd64 (2.0.1-4+b1, automatic), python3-idna:amd64 (2.10-1, automatic), python3-chardet:amd64 (4.0.0-1, automatic), python3-cupshelpers:amd64 (1.5.14-1, automatic)
End-Date: 2023-11-21  02:26:18

Start-Date: 2023-11-21  02:26:31
Commandline: apt autoremove
Remove: libxres1:amd64 (2:1.2.0-4), libxpresent1:amd64 (1.0.0-2+b10), gir1.2-nm-1.0:amd64 (1.30.6-1+deb11u1), libwnck-3-common:amd64 (3.36.0-1), libpoppler-glib8:amd64 (20.09.0-3.1+deb11u1), libwnck-3-0:amd64 (3.36.0-1), libutempter0:amd64 (1.2.1-2), libkeybinder-3.0-0:amd64 (0.3.2-1.1)
End-Date: 2023-11-21  02:26:32

Start-Date: 2023-11-21  02:27:03
Commandline: apt upgrade
Upgrade: mx-repo-manager:amd64 (23.11, 23.11.03), mx-bootrepair:amd64 (23.9, 23.11.01), mx-boot-options:amd64 (23.11.02, 23.11.06)
End-Date: 2023-11-21  02:27:04
