
Start-Date: 2023-08-16  03:31:20
Commandline: apt remove dkms
Remove: rtl8821cu-dkms:amd64 (5.12.0+git20230215-1~mx23+3), rtl8812au-dkms:amd64 (5.13.6+git20230615-1~mx23), broadcom-sta-dkms:amd64 (6.30.223.271-23), rtl8821ce-dkms:amd64 (5.5.2.1+git20230504-0~mx23+1), dkms:amd64 (3.0.10-8+deb12u1)
End-Date: 2023-08-16  03:31:44

Start-Date: 2023-08-16  03:32:10
Commandline: apt upgrade
Install: linux-image-6.1.0-11-amd64:amd64 (6.1.38-4, automatic), linux-headers-6.1.0-11-common:amd64 (6.1.38-4, automatic), linux-headers-6.1.0-11-amd64:amd64 (6.1.38-4, automatic)
Upgrade: linux-compiler-gcc-12-x86:amd64 (6.1.38-2, 6.1.38-4), linux-headers-amd64:amd64 (6.1.38-2, 6.1.38-4), linux-kbuild-6.1:amd64 (6.1.38-2, 6.1.38-4), linux-image-amd64:amd64 (6.1.38-2, 6.1.38-4), mx-remaster:amd64 (23.05.01, 23.05.02mx23), mx-system:amd64 (23.07.09mx23, 23.07.10mx23), intel-microcode:amd64 (3.20230512.1, 3.20230808.1~deb12u1), linux-libc-dev:amd64 (6.1.38-2, 6.1.38-4)
End-Date: 2023-08-16  03:33:08

Start-Date: 2023-08-16  03:34:09
Commandline: apt install xorg xserver-xorg-video-all xserver-xorg-input-all
Install: xserver-xorg-video-nouveau:amd64 (1:1.0.17-2, automatic), libxcb-present0:amd64 (1.15-1, automatic), libxxf86vm1:amd64 (1:1.1.4-1+b2, automatic), libwacom9:amd64 (2.6.0-1, automatic), libglx-mesa0:amd64 (22.3.6-1+deb12u1, automatic), libwacom-common:amd64 (2.6.0-1, automatic), xkb-data:amd64 (2.35.1-1, automatic), libxrender1:amd64 (1:0.9.10-1.1, automatic), cpp:amd64 (4:12.2.0-3, automatic), libglvnd0:amd64 (1.6.0-1, automatic), xserver-xorg-video-amdgpu:amd64 (23.0.0-1, automatic), libx11-xcb1:amd64 (2:1.8.4-2+deb12u1, automatic), libxshmfence1:amd64 (1.3-1, automatic), libunwind8:amd64 (1.6.2-3, automatic), xserver-xorg-core:amd64 (2:21.1.7-3, automatic), libxkbfile1:amd64 (1:1.1.0-1, automatic), libxcb-dri2-0:amd64 (1.15-1, automatic), libxcb-dri3-0:amd64 (1.15-1, automatic), libgbm1:amd64 (22.3.6-1+deb12u1, automatic), libpciaccess0:amd64 (0.17-2, automatic), libxcursor1:amd64 (1:1.2.1-1, automatic), xfonts-75dpi:amd64 (1:1.0.5, automatic), libxmuu1:amd64 (2:1.1.3-3, automatic), x11-common:amd64 (1:7.7+23, automatic), libwayland-server0:amd64 (1.21.0-1, automatic), libglx0:amd64 (1.6.0-1, automatic), xserver-xorg-input-all:amd64 (1:7.7+23), libdrm-nouveau2:amd64 (2.4.114-1+b1, automatic), libinput10:amd64 (1.22.1-1, automatic), libpixman-1-0:amd64 (0.42.2-1, automatic), libmtdev1:amd64 (1.1.6-1, automatic), libxau6:amd64 (1:1.0.9-1, automatic), libxaw7:amd64 (2:1.0.14-1, automatic), libpipeline1:amd64 (1.5.7-1, automatic), libxcb1:amd64 (1.15-1, automatic), libllvm15:amd64 (1:15.0.6-4+b1, automatic), libxcomposite1:amd64 (1:0.4.5-1, automatic), libxft2:amd64 (2.3.6-1, automatic), x11-utils:amd64 (7.7+5, automatic), xserver-xorg:amd64 (1:7.7+23, automatic), libxatracker2:amd64 (22.3.6-1+deb12u1, automatic), xserver-xorg-video-vesa:amd64 (1:2.5.0-1+b1, automatic), libxmu6:amd64 (2:1.1.3-3, automatic), libxpm4:amd64 (1:3.5.12-1.1, automatic), libfontconfig1:amd64 (2.14.1-4, automatic), libz3-4:amd64 (4.8.12-3.1, automatic), libxcvt0:amd64 (0.1.2-1, automatic), libgl1-mesa-dri:amd64 (22.3.6-1+deb12u1, automatic), libxrandr2:amd64 (2:1.5.2-2+b1, automatic), libxxf86dga1:amd64 (2:1.1.5-1, automatic), libxfont2:amd64 (1:2.0.6-1, automatic), libfontenc1:amd64 (1:1.1.4-1, automatic), fontconfig-config:amd64 (2.14.1-4, automatic), xbitmaps:amd64 (1.1.1-2.2, automatic), libdrm-common:amd64 (2.4.114-1, automatic), libx11-data:amd64 (2:1.8.4-2+deb12u1, automatic), libuchardet0:amd64 (0.0.7-1, automatic), libxtst6:amd64 (2:1.2.3-1.1, automatic), xauth:amd64 (1:1.1.2-1, automatic), xserver-common:amd64 (2:21.1.7-3, automatic), man-db:amd64 (2.11.2-2, automatic), xserver-xorg-video-radeon:amd64 (1:19.1.0-3, automatic), x11-session-utils:amd64 (7.7+5, automatic), xserver-xorg-video-vmware:amd64 (1:13.3.0-3.1+b1, automatic), libice6:amd64 (2:1.0.10-1, automatic), xfonts-encodings:amd64 (1:1.0.4-2.2, automatic), xfonts-100dpi:amd64 (1:1.0.5, automatic), xserver-xorg-input-libinput:amd64 (1.2.1-1+b1, automatic), libopengl0:amd64 (1.6.0-1, automatic), xorg:amd64 (1:7.7+23), x11-xkb-utils:amd64 (7.7+7, automatic), libglu1-mesa:amd64 (9.0.2-1.1, automatic), libxcb-glx0:amd64 (1.15-1, automatic), libxinerama1:amd64 (2:1.1.4-3, automatic), libxcb-shape0:amd64 (1.15-1, automatic), libglapi-mesa:amd64 (22.3.6-1+deb12u1, automatic), x11-apps:amd64 (7.7+9, automatic), x11-xserver-utils:amd64 (7.7+9+b1, automatic), xfonts-utils:amd64 (1:7.7+6, automatic), libdrm-amdgpu1:amd64 (2.4.114-1+b1, automatic), libdrm-radeon1:amd64 (2.4.114-1+b1, automatic), libdrm2:amd64 (2.4.114-1+b1, automatic), libxcb-randr0:amd64 (1.15-1, automatic), libxcb-damage0:amd64 (1.15-1, automatic), keyboard-configuration:amd64 (1.221, automatic), libxext6:amd64 (2:1.3.4-1+b1, automatic), xfonts-base:amd64 (1:1.0.5+nmu1, automatic), xorg-docs-core:amd64 (1:1.7.1-1.2, automatic), libegl-mesa0:amd64 (22.3.6-1+deb12u1, automatic), xfonts-scalable:amd64 (1:1.0.3-1.3, automatic), libxcb-shm0:amd64 (1.15-1, automatic), libgl1:amd64 (1.6.0-1, automatic), libegl1:amd64 (1.6.0-1, automatic), libx11-6:amd64 (2:1.8.4-2+deb12u1, automatic), xserver-xorg-video-all:amd64 (1:7.7+23), xserver-xorg-video-ati:amd64 (1:19.1.0-3, automatic), libwayland-client0:amd64 (1.21.0-1, automatic), xterm:amd64 (379-1, automatic), groff-base:amd64 (1.22.4-10, automatic), libepoxy0:amd64 (1.5.10-1, automatic), libxcb-sync1:amd64 (1.15-1, automatic), xserver-xorg-video-fbdev:amd64 (1:0.5.0-2, automatic), xinit:amd64 (1.4.0-1, automatic), libsm6:amd64 (2:1.2.3-1, automatic), libdrm-intel1:amd64 (2.4.114-1+b1, automatic), libxfixes3:amd64 (1:6.0.0-2, automatic), libxdmcp6:amd64 (1:1.1.2-3, automatic), libxi6:amd64 (2:1.8-1+b1, automatic), libxt6:amd64 (1:1.2.1-1.1, automatic), libxv1:amd64 (2:1.0.11-1.1, automatic), libutempter0:amd64 (1.2.1-3, automatic), libinput-bin:amd64 (1.22.1-1, automatic), libxcb-xfixes0:amd64 (1.15-1, automatic), libevdev2:amd64 (1.13.0+dfsg-1, automatic)
End-Date: 2023-08-16  03:34:32

Start-Date: 2023-08-16  03:35:31
Commandline: apt install icewm rox-filer
Install: fontconfig:amd64 (2.14.1-4, automatic), libcups2:amd64 (2.4.2-3+deb12u1, automatic), libpaper1:amd64 (1.1.29, automatic), libjbig2dec0:amd64 (0.19-3, automatic), libidn12:amd64 (1.41-1, automatic), hicolor-icon-theme:amd64 (0.17-2, automatic), libpango-1.0-0:amd64 (1.50.12+ds-1, automatic), libflac12:amd64 (1.4.2+ds-2, automatic), libmpg123-0:amd64 (1.31.2-1, automatic), libaom3:amd64 (3.6.0-1, automatic), libavahi-common-data:amd64 (0.8-10, automatic), libheif1:amd64 (1.15.1-1, automatic), libx265-199:amd64 (3.5-2+b1, automatic), libcairo2:amd64 (1.16.0-7, automatic), libijs-0.35:amd64 (0.35-15, automatic), libdeflate0:amd64 (1.14-1, automatic), libgif7:amd64 (5.2.1-2.5, automatic), libgs10-common:amd64 (10.0.0~dfsg-11+deb12u1, automatic), libdav1d6:amd64 (1.0.0-2, automatic), adwaita-icon-theme:amd64 (43-1, automatic), libwebpdemux2:amd64 (1.2.4-0.2, automatic), libtiff6:amd64 (4.5.0-6, automatic), libgs10:amd64 (10.0.0~dfsg-11+deb12u1, automatic), icewm:amd64 (3.3.1-1), libnuma1:amd64 (2.0.16-1, automatic), libxdamage1:amd64 (1:1.1.6-1, automatic), libgdk-pixbuf-2.0-0:amd64 (2.42.10+dfsg-1+b1, automatic), libcairo-gobject2:amd64 (1.16.0-7, automatic), poppler-data:amd64 (0.4.12-1, automatic), liblerc4:amd64 (4.0.0+ds-2, automatic), libimlib2:amd64 (1.10.0-4+b1, automatic), libgtk2.0-common:amd64 (2.24.33-2, automatic), libgraphite2-3:amd64 (1.3.14-1, automatic), libjxl0.7:amd64 (0.7.0-10, automatic), libmp3lame0:amd64 (3.100-6, automatic), libgtk2.0-0:amd64 (2.24.33-2, automatic), fonts-urw-base35:amd64 (20200910-7, automatic), libopus0:amd64 (1.3.1-3, automatic), libpangocairo-1.0-0:amd64 (1.50.12+ds-1, automatic), libhwy1:amd64 (1.0.3-3, automatic), libatk1.0-0:amd64 (2.46.0-5, automatic), libxcb-render0:amd64 (1.15-1, automatic), libjpeg62-turbo:amd64 (1:2.1.5-2, automatic), rox-filer:amd64 (1:2.11-7), libvorbisenc2:amd64 (1.3.7-1, automatic), libpangoft2-1.0-0:amd64 (1.50.12+ds-1, automatic), libid3tag0:amd64 (0.15.1b-14, automatic), libsndfile1:amd64 (1.2.0-1, automatic), libwebp7:amd64 (1.2.4-0.2, automatic), libavahi-common3:amd64 (0.8-10, automatic), librsvg2-2:amd64 (2.54.5+dfsg-1, automatic), libogg0:amd64 (1.3.5-3, automatic), libjbig0:amd64 (2.1-6.1, automatic), libopenjp2-7:amd64 (2.5.0-2, automatic), libvorbis0a:amd64 (1.3.7-1, automatic), libao-common:amd64 (1.2.2+20180113-1.1, automatic), gtk-update-icon-cache:amd64 (3.24.37-2, automatic), libharfbuzz0b:amd64 (6.0.0+dfsg-3, automatic), fonts-dejavu-core:amd64 (2.37-6, automatic), libao4:amd64 (1.2.2+20180113-1.1, automatic), libgs-common:amd64 (10.0.0~dfsg-11+deb12u1, automatic), liblcms2-2:amd64 (2.14-2, automatic), libde265-0:amd64 (1.0.11-1, automatic), at-spi2-common:amd64 (2.46.0-5, automatic), libavahi-client3:amd64 (0.8-10, automatic), icewm-common:amd64 (3.3.1-1, automatic), libspectre1:amd64 (0.2.12-1, automatic), libgdk-pixbuf2.0-common:amd64 (2.42.10+dfsg-1, automatic)
End-Date: 2023-08-16  03:35:47

Start-Date: 2023-08-16  03:40:34
Commandline: apt install geany
Install: libwayland-cursor0:amd64 (1.21.0-1, automatic), libcolord2:amd64 (1.4.6-2.2, automatic), libatk-bridge2.0-0:amd64 (2.46.0-5, automatic), geany-common:amd64 (1.38-1, automatic), libxkbcommon0:amd64 (1.5.0-1, automatic), libatspi2.0-0:amd64 (2.46.0-5, automatic), geany:amd64 (1.38-1+b1), libwayland-egl1:amd64 (1.21.0-1, automatic), libgtk-3-0:amd64 (3.24.37-2, automatic), libgtk-3-common:amd64 (3.24.37-2, automatic)
End-Date: 2023-08-16  03:40:36

Start-Date: 2023-08-16  03:43:25
Commandline: apt remove dpkg-dev g++ gcc libc6-dev make fakeroot open-vm-tools
Remove: dpkg-dev:amd64 (1.21.22), make:amd64 (4.3-4.1), libc6-dev:amd64 (2.36-9+deb12u1)
End-Date: 2023-08-16  03:43:26

Start-Date: 2023-08-16  03:44:19
Commandline: apt install xdm
Install: xdm:amd64 (1:1.1.11-3+b2)
End-Date: 2023-08-16  03:44:20

Start-Date: 2023-08-16  03:45:17
Commandline: apt install avahi-daemon libnss-mdns anacron alsa-utils
Install: libavahi-core7:amd64 (0.8-10, automatic), avahi-daemon:amd64 (0.8-10), libasound2:amd64 (1.2.8-1+b1, automatic), libfftw3-single3:amd64 (3.3.10-1, automatic), libatopology2:amd64 (1.2.8-1+b1, automatic), alsa-utils:amd64 (1.2.8-1), libasound2-data:amd64 (1.2.8-1, automatic), libsamplerate0:amd64 (0.2.2-3, automatic), libdaemon0:amd64 (0.14-7.1, automatic), libnss-mdns:amd64 (0.15.1-3)
End-Date: 2023-08-16  03:45:20

Start-Date: 2023-08-16  03:45:44
Commandline: apt install anacron avahi-autoipd bluetooth powertop iw wireless-tools wpasupplicant network-manager-pptp-gnome network-manager-gnome
Install: libssh2-1:amd64 (1.10.0-3+b1, automatic), libsecret-1-0:amd64 (0.20.5-3, automatic), libmm-glib0:amd64 (1.20.4-1, automatic), libnma-gtk4-0:amd64 (1.10.6-1, automatic), libnghttp2-14:amd64 (1.52.0-1, automatic), libcurl3-gnutls:amd64 (7.88.1-10+deb12u1, automatic), libgcr-base-3-1:amd64 (3.41.1-1+b1, automatic), libgtk-4-common:amd64 (4.8.3+ds-2, automatic), avahi-autoipd:amd64 (0.8-10), polkitd:amd64 (122-3, automatic), libayatana-appindicator3-1:amd64 (0.5.92-1, automatic), sgml-base:amd64 (1.31, automatic), pptp-linux:amd64 (1.10.0-1, automatic), libsasl2-2:amd64 (2.1.28+dfsg-10, automatic), bluetooth:amd64 (5.66-1), librtmp1:amd64 (2.4+20151223.gitfa8646d.1-2+b2, automatic), libsasl2-modules-db:amd64 (2.1.28+dfsg-10, automatic), network-manager-gnome:amd64 (1.30.0-2), libnma-common:amd64 (1.10.6-1, automatic), libldap-2.5-0:amd64 (2.5.13+dfsg-5, automatic), libcairo-script-interpreter2:amd64 (1.16.0-7, automatic), network-manager-pptp-gnome:amd64 (1.2.12-1), libcloudproviders0:amd64 (0.3.1-2, automatic), libndp0:amd64 (1.8-1, automatic), policykit-1-gnome:amd64 (0.105-8, automatic), libnma0:amd64 (1.10.6-1, automatic), libteamdctl0:amd64 (1.31-1, automatic), network-manager:amd64 (1.42.4-1, automatic), network-manager-pptp:amd64 (1.2.12-1, automatic), libbluetooth3:amd64 (5.66-1, automatic), libayatana-ido3-0.4-0:amd64 (0.9.3-1, automatic), libdbusmenu-glib4:amd64 (18.10.20180917~bzr492+repack1-3, automatic), powertop:amd64 (2.14-1+b2), libgtk-4-1:amd64 (4.8.3+ds-2, automatic), libsecret-common:amd64 (0.20.5-3, automatic), bluez:amd64 (5.66-1, automatic), libdbusmenu-gtk3-4:amd64 (18.10.20180917~bzr492+repack1-3, automatic), libduktape207:amd64 (2.7.0-2, automatic), xml-core:amd64 (0.18+nmu1, automatic), libdw1:amd64 (0.188-2.1, automatic), libgraphene-1.0-0:amd64 (1.10.8-1, automatic), libnm0:amd64 (1.42.4-1, automatic), libgck-1-0:amd64 (3.41.1-1+b1, automatic), libayatana-indicator3-7:amd64 (0.9.3-1, automatic)
End-Date: 2023-08-16  03:45:51

Start-Date: 2023-08-16  03:46:05
Commandline: apt install libdbus-glib-1-2
Install: libdbus-glib-1-2:amd64 (0.112-3)
End-Date: 2023-08-16  03:46:05

Start-Date: 2023-08-16  03:46:15
Commandline: apt install desktop-defaults-mx-common
Install: desktop-defaults-mx-common:amd64 (23.04.02mx23)
End-Date: 2023-08-16  03:46:15

Start-Date: 2023-08-16  03:46:39
Commandline: apt install mx-docs mx-snapshot mx-live-usb-maker mx-packageinstaller formatusb mx-tweak synaptic
Install: libxapian30:amd64 (1.4.22-1, automatic), libxcb-util1:amd64 (0.4.0-1+b1, automatic), bubblewrap:amd64 (0.8.0-2, automatic), aptitude:amd64 (0.8.13-5, automatic), gpg:amd64 (2.2.40-1.1, automatic), libglib2.0-bin:amd64 (2.74.6-2, automatic), libxcb-image0:amd64 (0.4.0-2, automatic), libxcb-icccm4:amd64 (0.4.1-1.1, automatic), libboost-iostreams1.74.0:amd64 (1.74.0+ds1-21, automatic), mx-tweak-data:amd64 (21.09.01mx21, automatic), libarchive13:amd64 (3.6.2-1, automatic), libxmlb2:amd64 (0.3.10-2, automatic), mx-tweak:amd64 (23.07.02mx23), libmalcontent-0-0:amd64 (0.11.0-4, automatic), xdg-desktop-portal-gtk:amd64 (1.14.1-1, automatic), synaptic:amd64 (0.91.3), libostree-1-1:amd64 (2022.7-2, automatic), libqt5network5:amd64 (5.15.8+dfsg-11, automatic), libqt5dbus5:amd64 (5.15.8+dfsg-11, automatic), mx-docs:amd64 (20230728), gnupg:amd64 (2.2.40-1.1, automatic), gpg-wks-server:amd64 (2.2.40-1.1, automatic), libcwidget4:amd64 (0.5.18-6, automatic), libgpgme11:amd64 (1.18.0-3+b1, automatic), gpg-agent:amd64 (2.2.40-1.1, automatic), libqt5widgets5:amd64 (5.15.8+dfsg-11, automatic), libstemmer0d:amd64 (2.2.0-2, automatic), libappstream4:amd64 (0.16.1-2, automatic), libyaml-0-2:amd64 (0.2.5-1, automatic), aptitude-common:amd64 (0.8.13-5, automatic), libassuan0:amd64 (2.5.5-5, automatic), libnpth0:amd64 (1.6-3, automatic), libqt5gui5:amd64 (5.15.8+dfsg-11, automatic), libjson-glib-1.0-common:amd64 (1.6.6-1, automatic), libvte-2.91-common:amd64 (0.70.6-1~deb12u1, automatic), libqt5xml5:amd64 (5.15.8+dfsg-11, automatic), gsettings-desktop-schemas:amd64 (43.0-1, automatic), libwebrtc-audio-processing1:amd64 (0.3-1+b1, automatic), mx-live-usb-maker:amd64 (23.7.02), libxcb-keysyms1:amd64 (0.4.0-1+b2, automatic), pinentry-curses:amd64 (1.2.1-1, automatic), gpgsm:amd64 (2.2.40-1.1, automatic), mx-packageinstaller-pkglist:amd64 (23.08.06mx23, automatic), libept1.6.0:amd64 (1.2.1, automatic), mx-snapshot:amd64 (23.7.02), libjson-glib-1.0-0:amd64 (1.6.6-1, automatic), libspa-0.2-modules:amd64 (0.3.65-3, automatic), libavahi-glib1:amd64 (0.8-10, automatic), pkexec:amd64 (122-3, automatic), mx-packageinstaller:amd64 (23.8), libxcb-xkb1:amd64 (1.15-1, automatic), xdg-utils:amd64 (1.1.3-4.1, automatic), dirmngr:amd64 (2.2.40-1.1, automatic), socat:amd64 (1.7.4.4-2, automatic), libksba8:amd64 (1.6.3-2, automatic), gnupg-utils:amd64 (2.2.40-1.1, automatic), libxcb-render-util0:amd64 (0.3.9-1+b1, automatic), gnupg-l10n:amd64 (2.2.40-1.1, automatic), gpg-wks-client:amd64 (2.2.40-1.1, automatic), flatpak:amd64 (1.14.4-1, automatic), libmd4c0:amd64 (0.4.8-1, automatic), libxkbcommon-x11-0:amd64 (1.5.0-1, automatic), xdg-dbus-proxy:amd64 (0.1.4-3, automatic), libvte-2.91-0:amd64 (0.70.6-1~deb12u1, automatic), libxcb-xinerama0:amd64 (1.15-1, automatic), libsigc++-2.0-0v5:amd64 (2.12.0-1, automatic), libxcb-xinput0:amd64 (1.15-1, automatic), gpgconf:amd64 (2.2.40-1.1, automatic), xdg-desktop-portal:amd64 (1.16.0-2, automatic), formatusb:amd64 (23.07.02), libpipewire-0.3-0:amd64 (0.3.65-3, automatic)
End-Date: 2023-08-16  03:46:56

Start-Date: 2023-08-16  03:47:06
Commandline: apt install cups cups-pdf
Install: cups-filters:amd64 (1.28.17-3, automatic), cups-common:amd64 (2.4.2-3+deb12u1, automatic), cups-client:amd64 (2.4.2-3+deb12u1, automatic), cups-ppdc:amd64 (2.4.2-3+deb12u1, automatic), cups-daemon:amd64 (2.4.2-3+deb12u1, automatic), libfontembed1:amd64 (1.28.17-3, automatic), libqpdf29:amd64 (11.3.0-1, automatic), libpoppler-cpp0v5:amd64 (22.12.0-2+b1, automatic), cups-filters-core-drivers:amd64 (1.28.17-3, automatic), poppler-utils:amd64 (22.12.0-2+b1, automatic), cups-ipp-utils:amd64 (2.4.2-3+deb12u1, automatic), ghostscript:amd64 (10.0.0~dfsg-11+deb12u1, automatic), libpoppler126:amd64 (22.12.0-2+b1, automatic), libnss3:amd64 (2:3.87.1-1, automatic), printer-driver-cups-pdf:amd64 (3.0.1-14), libpaper-utils:amd64 (1.1.29, automatic), cups-core-drivers:amd64 (2.4.2-3+deb12u1, automatic), cups:amd64 (2.4.2-3+deb12u1), cups-server-common:amd64 (2.4.2-3+deb12u1, automatic), libcupsfilters1:amd64 (1.28.17-3, automatic), libexif12:amd64 (0.6.24-1+b1, automatic), libnspr4:amd64 (2:4.35-1, automatic)
End-Date: 2023-08-16  03:47:12

Start-Date: 2023-08-16  03:47:20
Commandline: apt install xpdf
Install: xpdf:amd64 (3.04+git20220601-1+b2), libmotif-common:amd64 (2.3.8-3, automatic), libxm4:amd64 (2.3.8-3, automatic)
End-Date: 2023-08-16  03:47:21

Start-Date: 2023-08-16  03:47:32
Commandline: apt install pulseaudio pavucontrol
Install: libcanberra-gtk3-0:amd64 (0.30-10, automatic), libpulse0:amd64 (16.1+dfsg1-2+b1, automatic), libwebpmux3:amd64 (1.2.4-0.2, automatic), libvpx7:amd64 (1.12.0-1, automatic), libcodec2-1.0:amd64 (1.0.5-1, automatic), libltdl7:amd64 (2.4.7-5, automatic), libtwolame0:amd64 (0.4.0-2, automatic), libzvbi-common:amd64 (0.2.41-1, automatic), libjack-jackd2-0:amd64 (1.9.21~dfsg-3, automatic), libatkmm-1.6-1v5:amd64 (2.28.3-1, automatic), libpulsedsp:amd64 (16.1+dfsg1-2+b1, automatic), libx264-164:amd64 (2:0.164.3095+gitbaee400-3, automatic), libshine3:amd64 (3.1.1-2, automatic), pulseaudio:amd64 (16.1+dfsg1-2+b1), libvorbisfile3:amd64 (1.3.7-1, automatic), pulseaudio-utils:amd64 (16.1+dfsg1-2+b1, automatic), libcairomm-1.0-1v5:amd64 (1.14.4-2, automatic), libva-x11-2:amd64 (2.17.0-1, automatic), libgsm1:amd64 (1.0.22-1, automatic), libmfx1:amd64 (22.5.4-1, automatic), libsvtav1enc1:amd64 (1.4.1+dfsg-1, automatic), libasound2-plugins:amd64 (1.2.7.1-1, automatic), pavucontrol:amd64 (5.0-2), libvdpau1:amd64 (1.5-2, automatic), libpangomm-1.4-1v5:amd64 (2.46.3-1, automatic), libsoxr0:amd64 (0.1.3-4, automatic), libpulse-mainloop-glib0:amd64 (16.1+dfsg1-2+b1, automatic), libsnappy1v5:amd64 (1.1.9-3, automatic), libavcodec59:amd64 (7:5.1.3-1, automatic), libasyncns0:amd64 (0.8-6+b3, automatic), libtheora0:amd64 (1.1.1+dfsg.1-16.1+b1, automatic), libxvidcore4:amd64 (2:1.3.7-1, automatic), libtdb1:amd64 (1.4.8-2, automatic), libavutil57:amd64 (7:5.1.3-1, automatic), libspeex1:amd64 (1.2.1-2, automatic), libglibmm-2.4-1v5:amd64 (2.66.5-2, automatic), libgstreamer1.0-0:amd64 (1.22.0-2, automatic), ocl-icd-libopencl1:amd64 (2.3.1-1, automatic), sound-theme-freedesktop:amd64 (0.8-2, automatic), libgtkmm-3.0-1v5:amd64 (3.24.7-1, automatic), libswresample4:amd64 (7:5.1.3-1, automatic), libzvbi0:amd64 (0.2.41-1, automatic), libva-drm2:amd64 (2.17.0-1, automatic), libgstreamer-plugins-base1.0-0:amd64 (1.22.0-3+deb12u1, automatic), libspeexdsp1:amd64 (1.2.1-1, automatic), libcanberra0:amd64 (0.30-10, automatic), librav1e0:amd64 (0.5.1-6, automatic), libva2:amd64 (2.17.0-1, automatic), iso-codes:amd64 (4.15.0-1, automatic), liborc-0.4-0:amd64 (1:0.4.33-2, automatic)
End-Date: 2023-08-16  03:47:40

Start-Date: 2023-08-16  03:47:54
Commandline: apt install audacious gnome-sound-recorder vlc vlc-l10n
Install: libvulkan1:amd64 (1.3.239.0-1, automatic), vlc-plugin-qt:amd64 (3.0.18-2, automatic), libneon27-gnutls:amd64 (0.32.5-1, automatic), gir1.2-adw-1:amd64 (1.2.2-1, automatic), libvlc5:amd64 (3.0.18-2, automatic), liblirc-client0:amd64 (0.10.1-7.2, automatic), libmtp-common:amd64 (1.1.20-1, automatic), libsdl-image1.2:amd64 (1.2.12-13+b2, automatic), gnome-sound-recorder:amd64 (43~beta-1), vlc-data:amd64 (3.0.18-2, automatic), libproxy1v5:amd64 (0.4.18-1.2, automatic), gjs:amd64 (1.74.2-1, automatic), libgjs0g:amd64 (1.74.2-1, automatic), libfluidsynth3:amd64 (2.3.1-2, automatic), libdecor-0-0:amd64 (0.1.1-2, automatic), libmatroska7:amd64 (1.7.1-1, automatic), libwavpack1:amd64 (5.6.0-1, automatic), gir1.2-gstreamer-1.0:amd64 (1.22.0-2, automatic), libsrt1.5-gnutls:amd64 (1.5.1-1, automatic), gir1.2-freedesktop:amd64 (1.74.0-3, automatic), libpgm-5.3-0:amd64 (5.3.128~dfsg-2, automatic), libvlccore9:amd64 (3.0.18-2, automatic), vlc:amd64 (3.0.18-2), gir1.2-glib-2.0:amd64 (1.74.0-3, automatic), libass9:amd64 (1:0.17.1-1, automatic), audacious:amd64 (4.3.1-1~mx23+1), libbluray2:amd64 (1:1.3.4-1, automatic), gir1.2-gdkpixbuf-2.0:amd64 (2.42.10+dfsg-1+b1, automatic), libmbedcrypto7:amd64 (2.28.3-1, automatic), libcdio-cdda2:amd64 (10.2+2.0.1-1, automatic), vlc-bin:amd64 (3.0.18-2, automatic), libresid-builder0c2a:amd64 (2.1.1-15+b1, automatic), libopenmpt-modplug1:amd64 (0.8.9.0-openmpt1-2+b1, automatic), libopusfile0:amd64 (0.12-4, automatic), audacious-plugins:amd64 (4.3.1-1~mx23+1, automatic), libiec61883-0:amd64 (1.2.0-6+b1, automatic), libbs2b0:amd64 (3.1.0+dfsg-7, automatic), libqt5x11extras5:amd64 (5.15.8-2, automatic), libnorm1:amd64 (1.5.9+dfsg-2, automatic), vlc-l10n:amd64 (3.0.18-2), libgme0:amd64 (0.6.3-6, automatic), liblua5.2-0:amd64 (5.2.4-3, automatic), libcaca0:amd64 (0.99.beta20-3, automatic), libcdio19:amd64 (2.1.0-4, automatic), libraw1394-11:amd64 (2.1.2-2, automatic), libspatialaudio0:amd64 (0.3.0+git20180730+dfsg1-2+b1, automatic), audacious-plugins-data:amd64 (4.3.1-1~mx23+1, automatic), libtag1v5:amd64 (1.13-2, automatic), libmad0:amd64 (0.15.1b-10.1+b1, automatic), libsidplay2:amd64 (2.1.1-15+b1, automatic), librist4:amd64 (0.2.7+dfsg-1, automatic), libgupnp-1.6-0:amd64 (1.6.3-1, automatic), libcjson1:amd64 (1.7.15-1, automatic), libshout3:amd64 (2.4.6-1+b1, automatic), libgstreamer-gl1.0-0:amd64 (1.22.0-3+deb12u1, automatic), libssh-gcrypt-4:amd64 (0.10.5-2, automatic), libmpcdec6:amd64 (2:0.1~r495-2, automatic), libgupnp-igd-1.0-4:amd64 (1.2.0-3, automatic), libdvbpsi10:amd64 (1.3.3-1, automatic), libfaad2:amd64 (2.10.1-1, automatic), timgm6mb-soundfont:amd64 (1.3-5, automatic), libprotobuf-lite32:amd64 (3.21.12-3, automatic), libmms0:amd64 (0.6.4-3, automatic), gir1.2-gtk-3.0:amd64 (3.24.37-2, automatic), gir1.2-gtk-4.0:amd64 (4.8.3+ds-2, automatic), gir1.2-gst-plugins-base-1.0:amd64 (1.22.0-3+deb12u1, automatic), libmodplug1:amd64 (1:0.8.9.0-3, automatic), libmtp9:amd64 (1.1.20-1, automatic), libpostproc56:amd64 (7:5.1.3-1, automatic), libxss1:amd64 (1:1.2.3-1, automatic), glib-networking-common:amd64 (2.74.0-4, automatic), libgles2:amd64 (1.6.0-1, automatic), libupnp13:amd64 (1:1.8.4-2, automatic), gir1.2-graphene-1.0:amd64 (1.10.8-1, automatic), libsoup-3.0-0:amd64 (3.2.2-2, automatic), libgirepository-1.0-1:amd64 (1.74.0-3, automatic), libavc1394-0:amd64 (0.5.4-5, automatic), libsodium23:amd64 (1.0.18-1, automatic), libudfread0:amd64 (1.1.2-1, automatic), libqt5multimedia5:amd64 (5.15.8-2, automatic), libsndio7.0:amd64 (1.9.0-0.3+b2, automatic), glib-networking-services:amd64 (2.74.0-4, automatic), libmysofa1:amd64 (1.3.1~dfsg0-1, automatic), libgstreamer-plugins-bad1.0-0:amd64 (1.22.0-4+deb12u1, automatic), libvisual-0.4-0:amd64 (0.4.0-19, automatic), libgssdp-1.6-0:amd64 (1.6.2-2, automatic), libnotify4:amd64 (0.8.1-1, automatic), gstreamer1.0-plugins-good:amd64 (1.22.0-5+deb12u1, automatic), gstreamer1.0-plugins-base:amd64 (1.22.0-3+deb12u1, automatic), libebml5:amd64 (1.4.4-1, automatic), libcue2:amd64 (2.2.1-4, automatic), libnfs13:amd64 (4.0.0-1, automatic), libkate1:amd64 (0.4.1-11, automatic), libaudgui5:amd64 (4.3.1-1~mx23+1, automatic), libswscale6:amd64 (7:5.1.3-1, automatic), libmozjs-102-0:amd64 (102.11.0-1, automatic), libmpeg2-4:amd64 (0.5.1-9, automatic), libqt5svg5:amd64 (5.15.8-3, automatic), libdca0:amd64 (0.0.7-2, automatic), gir1.2-atk-1.0:amd64 (2.46.0-5, automatic), libv4l-0:amd64 (1.22.1-5+b2, automatic), gir1.2-pango-1.0:amd64 (1.50.12+ds-1, automatic), libplacebo208:amd64 (4.208.0-3, automatic), libcdparanoia0:amd64 (3.10.2+debian-14, automatic), libsdl2-2.0-0:amd64 (2.26.5+dfsg-1, automatic), gir1.2-gst-plugins-bad-1.0:amd64 (1.22.0-4+deb12u1, automatic), libzmq5:amd64 (4.3.4-6, automatic), libchromaprint1:amd64 (1.5.1-2+b1, automatic), libopenmpt0:amd64 (0.6.9-1, automatic), libadwaita-1-0:amd64 (1.2.2-1, automatic), librabbitmq4:amd64 (0.11.0-1+b1, automatic), libva-wayland2:amd64 (2.17.0-1, automatic), vlc-plugin-video-output:amd64 (3.0.18-2, automatic), libsoup-3.0-common:amd64 (3.2.2-2, automatic), libsdl1.2debian:amd64 (1.2.15+dfsg2-8, automatic), libdvdnav4:amd64 (6.1.1-1, automatic), libdc1394-25:amd64 (2.2.6-4, automatic), liba52-0.7.4:amd64 (0.7.4-20, automatic), libnice10:amd64 (0.1.21-1, automatic), libv4lconvert0:amd64 (1.22.1-5+b2, automatic), libinstpatch-1.0-2:amd64 (1.1.6-1, automatic), unzip:amd64 (6.0-28, automatic), libaudcore5:amd64 (4.3.1-1~mx23+1, automatic), libcddb2:amd64 (1.3.2-7, automatic), libaudqt2:amd64 (4.3.1-1~mx23+1, automatic), libavformat59:amd64 (7:5.1.3-1, automatic), libaa1:amd64 (1.4p5-50, automatic), libpangoxft-1.0-0:amd64 (1.50.12+ds-1, automatic), libdv4:amd64 (1.0.0-15, automatic), gir1.2-harfbuzz-0.0:amd64 (6.0.0+dfsg-3, automatic), libtag1v5-vanilla:amd64 (1.13-2, automatic), libaribb24-0:amd64 (1.0.3-2, automatic), libaudtag3:amd64 (4.3.1-1~mx23+1, automatic), libixml10:amd64 (1:1.8.4-2, automatic), libdvdread8:amd64 (6.1.3-1, automatic), libsidplayfp6:amd64 (2.4.2-1, automatic), glib-networking:amd64 (2.74.0-4, automatic), libvlc-bin:amd64 (3.0.18-2, automatic), libncurses6:amd64 (6.4-4, automatic), vlc-plugin-base:amd64 (3.0.18-2, automatic), libxcb-xv0:amd64 (1.15-1, automatic)
End-Date: 2023-08-16  03:48:08

Start-Date: 2023-08-16  03:48:51
Commandline: apt install rtkit
Install: rtkit:amd64 (0.13-5)
End-Date: 2023-08-16  03:48:52

Start-Date: 2023-08-16  03:50:25
Commandline: apt install sylpheed sylpheed-i18n aspell-en
Install: libonig5:amd64 (6.9.8-1, automatic), sylpheed:amd64 (3.8.0~beta1-1), pinentry-gtk2:amd64 (1.2.1-1, automatic), emacsen-common:amd64 (3.0.5, automatic), sylpheed-i18n:amd64 (3.8.0~beta1-1), libhunspell-1.7-0:amd64 (1.7.1-1, automatic), libaspell15:amd64 (0.60.8-4+b1, automatic), dictionaries-common:amd64 (1.29.5, automatic), libgtkspell0:amd64 (2.0.16-1.3, automatic), libcompfaceg1:amd64 (1:1.5.2-5.1, automatic), aspell-en:amd64 (2020.12.07-0-1), libenchant-2-2:amd64 (2.3.3-2, automatic), aspell:amd64 (0.60.8-4+b1, automatic)
End-Date: 2023-08-16  03:50:29

Start-Date: 2023-08-16  03:50:40
Commandline: apt install uim-anthy uim im-config zenity kasumi uim-gtk2.0 uim-gtk3 uim-qt5 uim-xim uim-fep fonts-vlgothic
Install: libm17n-0:amd64 (1.8.0-6, automatic), libgcroots0:amd64 (0.9.1-2, automatic), uim-gtk2.0:amd64 (1:1.8.8-9.2+b2), libwpebackend-fdo-1.0-1:amd64 (1.14.2-1, automatic), anthy:amd64 (1:0.4-2, automatic), uim-gtk3:amd64 (1:1.8.8-9.2+b2), uim:amd64 (1:1.8.8-9.2+b2), uim-gtk2.0-immodule:amd64 (1:1.8.8-9.2+b2, automatic), libanthyinput0:amd64 (1:0.4-2, automatic), libmanette-0.2-0:amd64 (0.2.6-3+b1, automatic), libjavascriptcoregtk-4.1-0:amd64 (2.40.5-1~deb12u1, automatic), libuim-scm0:amd64 (1:1.8.8-9.2+b2, automatic), uim-gtk3-immodule:amd64 (1:1.8.8-9.2+b2, automatic), libgav1-1:amd64 (0.18.0-1+b1, automatic), im-config:amd64 (0.55-2), uim-qt5-immodule:amd64 (1:1.8.8-9.2+b2, automatic), libwoff1:amd64 (1.0.2-2, automatic), libanthy1:amd64 (1:0.4-2, automatic), uim-data:amd64 (1:1.8.8-9.2, automatic), uim-anthy:amd64 (1:1.8.8-9.2), libharfbuzz-icu0:amd64 (6.0.0+dfsg-3, automatic), libwpe-1.0-1:amd64 (1.14.0-1, automatic), libuim-data:amd64 (1:1.8.8-9.2, automatic), libuim-custom2:amd64 (1:1.8.8-9.2+b2, automatic), zenity-common:amd64 (3.44.0-1, automatic), libyuv0:amd64 (0.0~git20230123.b2528b0-1, automatic), zenity:amd64 (3.44.0-1), libxslt1.1:amd64 (1.1.35-1, automatic), libwebkit2gtk-4.1-0:amd64 (2.40.5-1~deb12u1, automatic), libabsl20220623:amd64 (20220623.1-1, automatic), libavif15:amd64 (0.11.1-1, automatic), anthy-common:amd64 (1:0.4-2, automatic), fonts-vlgothic:amd64 (20220612-1), m17n-db:amd64 (1.8.0-5, automatic), kasumi:amd64 (2.5-11), uim-plugins:amd64 (1:1.8.8-9.2+b2, automatic), libotf1:amd64 (0.9.16-4, automatic), libhyphen0:amd64 (2.8.8-7, automatic), libuim8:amd64 (1:1.8.8-9.2+b2, automatic), uim-fep:amd64 (1:1.8.8-9.2+b2), libgd3:amd64 (2.3.3-9, automatic), uim-qt5:amd64 (1:1.8.8-9.2+b2), uim-xim:amd64 (1:1.8.8-9.2+b2)
End-Date: 2023-08-16  03:50:48

Start-Date: 2023-08-16  03:51:21
Commandline: apt install uim-chewing uim-pinyin fonts-wqy-microhei
Install: libchewing3-data:amd64 (0.5.1-5, automatic), uim-pinyin:amd64 (1:1.8.8-9.2), uim-chewing:amd64 (0.1.0-7), fonts-wqy-microhei:amd64 (0.2.0-beta-3.1), libchewing3:amd64 (0.5.1-5, automatic)
End-Date: 2023-08-16  03:51:22

Start-Date: 2023-08-16  03:53:09
Commandline: apt install firefox-esr
Install: libevent-2.1-7:amd64 (2.1.12-stable-8, automatic), firefox-esr:amd64 (102.14.0esr-1~deb12u1)
End-Date: 2023-08-16  03:53:14

Start-Date: 2023-08-16  03:53:22
Commandline: apt install geany geany-plugin-spellcheck
Install: geany-plugin-spellcheck:amd64 (1.38+dfsg-2), geany-plugins-common:amd64 (1.38+dfsg-2, automatic)
End-Date: 2023-08-16  03:53:22

Start-Date: 2023-08-16  03:53:46
Commandline: apt install gnome-screenshot lazpaint-gtk2
Install: lazpaint-gtk2:amd64 (7.2.2-2), gnome-screenshot:amd64 (41.0-2), libhandy-1-0:amd64 (1.8.1-1, automatic)
End-Date: 2023-08-16  03:53:47

Start-Date: 2023-08-16  03:55:21
Commandline: apt install libgdk-pixbuf2.0-bin
Install: libgdk-pixbuf2.0-bin:amd64 (2.42.10+dfsg-1+b1)
End-Date: 2023-08-16  03:55:21

Start-Date: 2023-08-16  03:55:47
Commandline: apt autoremove
Remove: libnsl-dev:amd64 (1.3.0-2), rpcsvc-proto:amd64 (1.4.3-1), libcrypt-dev:amd64 (1:4.4.33-2), libc-dev-bin:amd64 (2.36-9+deb12u1), libtirpc-dev:amd64 (1.3.3+ds-1)
End-Date: 2023-08-16  03:55:48

Start-Date: 2023-08-16  04:00:43
Commandline: apt install xscreensaver
Install: libtimedate-perl:amd64 (2.3300-2, automatic), libhtml-tagset-perl:amd64 (3.20-6, automatic), libnet-ssleay-perl:amd64 (1.92-2+b1, automatic), libio-socket-ssl-perl:amd64 (2.081-2, automatic), libwww-robotrules-perl:amd64 (6.02-1, automatic), liblwp-protocol-https-perl:amd64 (6.10-1, automatic), libwww-perl:amd64 (6.68-1, automatic), libtry-tiny-perl:amd64 (0.31-2, automatic), libhttp-negotiate-perl:amd64 (6.01-2, automatic), libencode-locale-perl:amd64 (1.05-3, automatic), liblwp-mediatypes-perl:amd64 (6.04-2, automatic), libhtml-tree-perl:amd64 (5.07-3, automatic), libregexp-ipv6-perl:amd64 (0.03-3, automatic), liburi-perl:amd64 (5.17-1, automatic), libhttp-cookies-perl:amd64 (6.10-1, automatic), libio-html-perl:amd64 (1.004-3, automatic), libnet-http-perl:amd64 (6.22-1, automatic), xscreensaver:amd64 (6.06+dfsg1-3), libhttp-date-perl:amd64 (6.05-2, automatic), libhtml-parser-perl:amd64 (3.81-1, automatic), xscreensaver-data:amd64 (6.06+dfsg1-3, automatic), perl-openssl-defaults:amd64 (7+b1, automatic), libclone-perl:amd64 (0.46-1, automatic), libhttp-message-perl:amd64 (6.44-1, automatic), libfile-listing-perl:amd64 (6.15-1, automatic)
End-Date: 2023-08-16  04:00:45

Start-Date: 2023-08-16  04:08:13
Commandline: apt install firefox-esr-l10n-de firefox-esr-l10n-es-es firefox-esr-l10n-el firefox-esr-l10n-fr firefox-esr-l10n-hi-in firefox-esr-l10n-hr firefox-esr-l10n-hu firefox-esr-l10n-id firefox-esr-l10n-it firefox-esr-l10n-ja firefox-esr-l10n-nl firefox-esr-l10n-pl firefox-esr-l10n-pt-br firefox-esr-l10n-ru firefox-esr-l10n-sv-se firefox-esr-l10n-zh-tw
Install: firefox-esr-l10n-sv-se:amd64 (102.14.0esr-1~deb12u1), firefox-esr-l10n-es-es:amd64 (102.14.0esr-1~deb12u1), firefox-esr-l10n-hi-in:amd64 (102.14.0esr-1~deb12u1), firefox-esr-l10n-de:amd64 (102.14.0esr-1~deb12u1), firefox-esr-l10n-el:amd64 (102.14.0esr-1~deb12u1), firefox-esr-l10n-fr:amd64 (102.14.0esr-1~deb12u1), firefox-esr-l10n-hr:amd64 (102.14.0esr-1~deb12u1), firefox-esr-l10n-hu:amd64 (102.14.0esr-1~deb12u1), firefox-esr-l10n-id:amd64 (102.14.0esr-1~deb12u1), firefox-esr-l10n-it:amd64 (102.14.0esr-1~deb12u1), firefox-esr-l10n-ja:amd64 (102.14.0esr-1~deb12u1), firefox-esr-l10n-nl:amd64 (102.14.0esr-1~deb12u1), firefox-esr-l10n-pl:amd64 (102.14.0esr-1~deb12u1), firefox-esr-l10n-ru:amd64 (102.14.0esr-1~deb12u1), firefox-esr-l10n-pt-br:amd64 (102.14.0esr-1~deb12u1), firefox-esr-l10n-zh-tw:amd64 (102.14.0esr-1~deb12u1)
End-Date: 2023-08-16  04:08:14

Start-Date: 2023-08-16  04:26:30
Commandline: apt install menu
Install: menu:amd64 (2.1.49)
End-Date: 2023-08-16  04:26:31

Start-Date: 2023-08-16  04:35:21
Commandline: apt install dbus-x11
Install: dbus-x11:amd64 (1.14.8-2~deb12u1)
End-Date: 2023-08-16  04:35:22

Start-Date: 2023-08-16  04:48:03
Commandline: apt install acpid
Install: acpid:amd64 (1:2.0.33-2+b1), runit-helper:amd64 (2.15.2, automatic)
End-Date: 2023-08-16  04:48:05
