
Start-Date: 2023-02-03  01:27:35
Commandline: apt upgrade
Install: linux-headers-5.10.0-21-amd64:amd64 (5.10.162-1, automatic), linux-image-5.10.0-21-amd64:amd64 (5.10.162-1, automatic), linux-headers-5.10.0-21-common:amd64 (5.10.162-1, automatic)
Upgrade: linux-kbuild-5.10:amd64 (5.10.158-2, 5.10.162-1), libcurl4:amd64 (7.74.0-1.3+deb11u3, 7.74.0-1.3+deb11u5), bind9-host:amd64 (1:9.16.33-1~deb11u1, 1:9.16.37-1~deb11u1), libcurl3-gnutls:amd64 (7.74.0-1.3+deb11u3, 7.74.0-1.3+deb11u5), thunar-data:amd64 (4.18.1-0.1~mx21+1, 4.18.2-0~mx21+1.1), mx-iso-template:amd64 (23.01.02mx21, 23.01.03mx21), mx-tweak:amd64 (22.12.05mx21, 23.01.03mx21), linux-compiler-gcc-10-x86:amd64 (5.10.158-2, 5.10.162-1), libtiff5:amd64 (4.2.0-1+deb11u1, 4.2.0-1+deb11u3), linux-headers-amd64:amd64 (5.10.158-2, 5.10.162-1), firefox:amd64 (108.0.2~mozillabinaries-1mx21+2, 109.0~mozillabinaries-1mx21+1), linux-image-amd64:amd64 (5.10.158-2, 5.10.162-1), checkaptgpg:amd64 (20.10.12, 23.01.01), mx-packageinstaller-pkglist:amd64 (23.01.01mx21, 23.01.05mx21), apt-notifier:amd64 (22.12.01mx21, 23.01.01mx21), mx-snapshot:amd64 (22.12.04, 23.1.01), thunar:amd64 (4.18.1-0.1~mx21+1, 4.18.2-0~mx21+1.1), bind9-libs:amd64 (1:9.16.33-1~deb11u1, 1:9.16.37-1~deb11u1), desktop-defaults-mx-common:amd64 (23.01.04mx21, 23.01.05mx21), sudo:amd64 (1.9.5p2-3, 1.9.5p2-3+deb11u1), mx-packageinstaller:amd64 (22.12, 23.1), mx-tools:amd64 (22.10.01, 23.1.02), mx-system:amd64 (23.01.03mx21, 23.01.05mx21), curl:amd64 (7.74.0-1.3+deb11u3, 7.74.0-1.3+deb11u5), libthunarx-3-0:amd64 (4.18.1-0.1~mx21+1, 4.18.2-0~mx21+1.1), mx-boot-options:amd64 (22.10.02, 23.1), xfce4-whiskermenu-plugin:amd64 (2.6.1-1~mx21+1, 2.7.1-1~mx21+1), linux-libc-dev:amd64 (5.10.158-2, 5.10.162-1)
End-Date: 2023-02-03  01:36:57

Start-Date: 2023-02-03  01:37:04
Commandline: apt purge -V --auto-remove -yy desktop-defaults-mx-xfce desktop-defaults-mx-xfce-desktop desktop-defaults-mx-xfce-system libxfce4panel-2.0-4 libxfce4ui-2-0:amd64 libxfce4ui-common libxfce4util-common libxfce4util7:amd64 xfce-superkey-mx xfce4-appfinder xfce4-battery-plugin:amd64 xfce4-datetime-plugin:amd64 xfce4-dev-tools xfce4-docklike-plugin:amd64 xfce4-fsguard-plugin:amd64 xfce4-genmon-plugin:amd64 xfce4-helpers xfce4-mount-plugin:amd64 xfce4-notifyd xfce4-panel xfce4-places-plugin:amd64 xfce4-power-manager xfce4-power-manager-data xfce4-power-manager-plugins xfce4-pulseaudio-plugin:amd64 xfce4-screenshooter xfce4-session xfce4-settings xfce4-taskmanager xfce4-terminal xfce4-wavelan-plugin:amd64 xfce4-whiskermenu-plugin:amd64 xfce4-xkb-plugin:amd64
Install: xbitmaps:amd64 (1.1.1-2.1, automatic), xterm:amd64 (366-1+deb11u1, automatic)
Purge: xfce4-xkb-plugin:amd64 (1:0.8.3-1~mx21), thunar-modified-desktop-file:amd64 (21.07.01), xfce4-battery-plugin:amd64 (1.1.4-1~mx21), libxres1:amd64 (2:1.2.0-4), exo-utils:amd64 (4.18.0-1~mx21), xfce4-dev-tools:amd64 (4.18.0-1~mx21), libxfce4ui-common:amd64 (4.18.0-1~mx21), thunar-data:amd64 (4.18.2-0~mx21+1.1), xfce4-power-manager-data:amd64 (4.18.0-1~mx21), desktop-defaults-mx-xfce-system:amd64 (23.01.01mx21), blueman:amd64 (2.1.4-1+b1), libxpresent1:amd64 (1.0.0-2+b10), xfce4-panel:amd64 (4.18.0-1~mx21), python3-urllib3:amd64 (1.26.5-1~exp1), tumbler:amd64 (4.18.0-1~mx21), libxfce4ui-2-0:amd64 (4.18.0-1~mx21), tumbler-common:amd64 (4.18.0-1~mx21), libxfconf-0-3:amd64 (4.18.0-1~mx21), xfce4-taskmanager:amd64 (1.5.2-1~mx21+1), libxfce4panel-2.0-4:amd64 (4.18.0-1~mx21), xfwm4:amd64 (4.18.0-1~mx21), libgarcon-gtk3-1-0:amd64 (4.18.0-1~mx21), xfce4-power-manager:amd64 (4.18.0-1~mx21), gir1.2-nm-1.0:amd64 (1.30.6-1+deb11u1), libwnck-3-common:amd64 (3.36.0-1), xfce4-docklike-plugin:amd64 (0.4.0+git20211128-1~mx21+1), libpoppler-glib8:amd64 (20.09.0-3.1+deb11u1), libvte-2.91-common:amd64 (0.62.3-1), xfdesktop4:amd64 (4.18.0-1~mx21), thunar-archive-plugin:amd64 (0.4.0-2+1mx21), xfce4-helpers:amd64 (4.18.0-1~mx21), xfconf:amd64 (4.18.0-1~mx21), libpoppler102:amd64 (20.09.0-3.1+deb11u1), xfce4-settings:amd64 (4.18.0-1~mx21), xfce4-terminal:amd64 (0.8.10-1), xfce4-session:amd64 (4.18.0-1~mx21), thunar-volman:amd64 (4.18.0-1~mx21), libstartup-notification0:amd64 (0.12-6+b1), libtumbler-1-0:amd64 (4.18.0-1~mx21), xfce4-places-plugin:amd64 (1.8.3-1~mx21), libexo-2-0:amd64 (4.18.0-1~mx21), xfce4-appfinder:amd64 (4.18.0-1~mx21), python3-six:amd64 (1.16.0-2), libwnck-3-0:amd64 (3.36.0-1), desktop-defaults-mx-xfce:amd64 (23.01.01mx21), thunar:amd64 (4.18.2-0~mx21+1.1), xfce4-power-manager-plugins:amd64 (4.18.0-1~mx21), xfce4-wavelan-plugin:amd64 (0.6.3-1~mx21), libxfce4util7:amd64 (4.18.0-1~mx21), xfdesktop4-data:amd64 (4.18.0-1~mx21), xfce-superkey-mx:amd64 (21.09.01), xfce4-screenshooter:amd64 (1.9.9-1~mx21+1), libthunarx-3-0:amd64 (4.18.2-0~mx21+1.1), desktop-defaults-mx-xfce-desktop:amd64 (23.01.01mx21), xfce4-genmon-plugin:amd64 (4.1.1-1), libvte-2.91-0:amd64 (0.62.3-1), xfce4-mount-plugin:amd64 (1.1.5-1), xfce4-pulseaudio-plugin:amd64 (0.4.5-1~mx21), xfce4-whiskermenu-plugin:amd64 (2.7.1-1~mx21+1), xfce4-datetime-plugin:amd64 (0.8.2-1~mx21), libgarcon-1-0:amd64 (4.18.0-1~mx21), xfce4-fsguard-plugin:amd64 (1.1.2-1), xfce4-notifyd:amd64 (0.6.2-1), libxfce4util-common:amd64 (4.18.0-1~mx21), libexif12:amd64 (0.6.22-3), libgarcon-common:amd64 (4.18.0-1~mx21), libexo-common:amd64 (4.18.0-1~mx21), libkeybinder-3.0-0:amd64 (0.3.2-1.1)
End-Date: 2023-02-03  01:37:12

Start-Date: 2023-02-03  01:41:27
Commandline: apt install lxde-core
Install: libxres1:amd64 (2:1.2.0-4, automatic), lxpanel-data:amd64 (0.10.1-2, automatic), lxsession:amd64 (0.5.5-2, automatic), lxsession-data:amd64 (0.5.5-2, automatic), libmenu-cache3:amd64 (1.1.0-1.1, automatic), lxde-common:amd64 (0.99.2-4, automatic), libgif7:amd64 (5.1.9-2, automatic), libfm-gtk-data:amd64 (1.3.2-1, automatic), lxmenu-data:amd64 (0.1.5-2.1, automatic), lxde-core:amd64 (11), lxpanel:amd64 (0.10.1-2, automatic), libimlib2:amd64 (1.7.1-2, automatic), libwnck22:amd64 (2.30.7-6, automatic), libobt2v5:amd64 (3.6.1-9+deb11u1, automatic), libmenu-cache-bin:amd64 (1.1.0-1.1, automatic), libobrender32v5:amd64 (3.6.1-9+deb11u1, automatic), libid3tag0:amd64 (0.15.1b-14, automatic), libfm-gtk4:amd64 (1.3.2-1, automatic), libstartup-notification0:amd64 (0.12-6+b1, automatic), lxsession-logout:amd64 (0.5.5-2, automatic), openbox-lxde-session:amd64 (0.99.2-4, automatic), libfm-extra4:amd64 (1.3.2-1, automatic), libwnck-common:amd64 (2.30.7-6, automatic), pcmanfm:amd64 (1.3.2-1, automatic), libfm-modules:amd64 (1.3.2-1, automatic), libkeybinder0:amd64 (0.3.1-2.1, automatic), libfm4:amd64 (1.3.2-1, automatic), openbox:amd64 (3.6.1-9+deb11u1, automatic), libfm-data:amd64 (1.3.2-1, automatic), libexif12:amd64 (0.6.22-3, automatic)
End-Date: 2023-02-03  01:41:33

Start-Date: 2023-02-03  01:41:53
Commandline: apt remove featherpad featherpad-l10n
Remove: featherpad-l10n:amd64 (1.3.5-1~mx21+1), featherpad:amd64 (1.3.5-1~mx21+1)
End-Date: 2023-02-03  01:41:54

Start-Date: 2023-02-03  01:42:34
Commandline: apt install mousepad
Install: libgtksourceview-3.0-1:amd64 (3.24.11-2, automatic), libxfconf-0-3:amd64 (4.18.0-1~mx21, automatic), xfconf:amd64 (4.18.0-1~mx21, automatic), libgtksourceview-3.0-common:amd64 (3.24.11-2, automatic), mousepad:amd64 (0.5.2-1), libxfce4util7:amd64 (4.18.0-1~mx21, automatic), libxfce4util-common:amd64 (4.18.0-1~mx21, automatic)
End-Date: 2023-02-03  01:42:36

Start-Date: 2023-02-03  01:43:01
Commandline: apt install cups cups-pdf
Install: cups-filters:amd64 (1.28.7-1+deb11u1, automatic), libpaper1:amd64 (1.1.28+b1, automatic), libjbig2dec0:amd64 (0.19-2, automatic), libidn11:amd64 (1.33-3, automatic), cups-common:amd64 (2.3.3op2-3+deb11u2, automatic), libijs-0.35:amd64 (0.35-15, automatic), cups-client:amd64 (2.3.3op2-3+deb11u2, automatic), cups-ppdc:amd64 (2.3.3op2-3+deb11u2, automatic), cups-daemon:amd64 (2.3.3op2-3+deb11u2, automatic), libfontembed1:amd64 (1.28.7-1+deb11u1, automatic), libqpdf28:amd64 (10.1.0-1, automatic), libgs9-common:amd64 (9.53.3~dfsg-7+deb11u2, automatic), libpoppler-cpp0v5:amd64 (20.09.0-3.1+deb11u1, automatic), poppler-data:amd64 (0.4.10-1, automatic), cups-filters-core-drivers:amd64 (1.28.7-1+deb11u1, automatic), poppler-utils:amd64 (20.09.0-3.1+deb11u1, automatic), cups-ipp-utils:amd64 (2.3.3op2-3+deb11u2, automatic), ghostscript:amd64 (9.53.3~dfsg-7+deb11u2, automatic), fonts-urw-base35:amd64 (20200910-1, automatic), libpoppler102:amd64 (20.09.0-3.1+deb11u1, automatic), printer-driver-cups-pdf:amd64 (3.0.1-9), libpaper-utils:amd64 (1.1.28+b1, automatic), cups-core-drivers:amd64 (2.3.3op2-3+deb11u2, automatic), cups:amd64 (2.3.3op2-3+deb11u2), libgs9:amd64 (9.53.3~dfsg-7+deb11u2, automatic), cups-server-common:amd64 (2.3.3op2-3+deb11u2, automatic), libcupsfilters1:amd64 (1.28.7-1+deb11u1, automatic)
End-Date: 2023-02-03  01:43:14

Start-Date: 2023-02-03  01:45:59
Commandline: apt install uim-anthy uim im-config zenity kasumi uim-gtk2.0 uim-gtk3 uim-qt5 uim-xim uim-fep fonts-vlgothic
Install: libm17n-0:amd64 (1.8.0-2, automatic), libgcroots0:amd64 (0.9.1-1, automatic), uim-gtk2.0:amd64 (1:1.8.8-9), libwpebackend-fdo-1.0-1:amd64 (1.8.0-1, automatic), anthy:amd64 (1:0.4-2, automatic), uim-gtk3:amd64 (1:1.8.8-9), uim:amd64 (1:1.8.8-9), uim-gtk2.0-immodule:amd64 (1:1.8.8-9, automatic), libanthyinput0:amd64 (1:0.4-2, automatic), libmanette-0.2-0:amd64 (0.2.5-1, automatic), libwebpdemux2:amd64 (0.6.1-2.1, automatic), libuim-scm0:amd64 (1:1.8.8-9, automatic), emacsen-common:amd64 (3.0.4, automatic), libgstreamer-gl1.0-0:amd64 (1.18.4-2, automatic), uim-gtk3-immodule:amd64 (1:1.8.8-9, automatic), im-config:amd64 (0.46-1+deb11u1), uim-qt5-immodule:amd64 (1:1.8.8-9, automatic), libwoff1:amd64 (1.0.2-1+b1, automatic), libanthy1:amd64 (1:0.4-2, automatic), libaspell15:amd64 (0.60.8-3, automatic), uim-data:amd64 (1:1.8.8-9, automatic), uim-anthy:amd64 (1:1.8.8-9), libharfbuzz-icu0:amd64 (2.7.4-1, automatic), hunspell-en-us:amd64 (1:2019.10.06-1, automatic), libwpe-1.0-1:amd64 (1.10.0-2, automatic), dictionaries-common:amd64 (1.28.4, automatic), libuim-data:amd64 (1:1.8.8-9, automatic), libuim-custom2:amd64 (1:1.8.8-9, automatic), zenity-common:amd64 (3.32.0-6, automatic), libopengl0:amd64 (1.3.2-1, automatic), zenity:amd64 (3.32.0-6), libxslt1.1:amd64 (1.1.34-4+deb11u1, automatic), libjavascriptcoregtk-4.0-18:amd64 (2.38.3-1~deb11u1, automatic), anthy-common:amd64 (1:0.4-2, automatic), fonts-vlgothic:amd64 (20200720-1), m17n-db:amd64 (1.8.0-3, automatic), kasumi:amd64 (2.5-9+b1), uim-plugins:amd64 (1:1.8.8-9, automatic), libotf0:amd64 (0.9.13-7, automatic), libhyphen0:amd64 (2.8.8-7, automatic), libuim8:amd64 (1:1.8.8-9, automatic), libwebkit2gtk-4.0-37:amd64 (2.38.3-1~deb11u1, automatic), libenchant-2-2:amd64 (2.2.15-1, automatic), uim-fep:amd64 (1:1.8.8-9), libgd3:amd64 (2.3.0-2, automatic), uim-qt5:amd64 (1:1.8.8-9), uim-xim:amd64 (1:1.8.8-9)
End-Date: 2023-02-03  01:46:11

Start-Date: 2023-02-03  01:46:24
Commandline: apt install uim-chewing uim-pinyin fonts-wqy-microhei
Install: libchewing3-data:amd64 (0.5.1-4, automatic), uim-pinyin:amd64 (1:1.8.8-9), uim-chewing:amd64 (0.1.0-6), fonts-wqy-microhei:amd64 (0.2.0-beta-3.1), libchewing3:amd64 (0.5.1-4, automatic)
End-Date: 2023-02-03  01:46:26

Start-Date: 2023-02-03  01:46:34
Commandline: apt install sylpheed sylpheed-i18n sylpheed-doc bogofilter bsfilter
Install: ruby-minitest:amd64 (5.13.0-1, automatic), libonig5:amd64 (6.9.6-1.1, automatic), sylpheed:amd64 (3.7.0-8), bsfilter:amd64 (1:1.0.19-2.1), sylpheed-i18n:amd64 (3.7.0-8), ruby-net-telnet:amd64 (0.1.1-2, automatic), rubygems-integration:amd64 (1.18, automatic), libruby2.7:amd64 (2.7.4-1+deb11u1, automatic), ruby-power-assert:amd64 (1.1.7-2, automatic), rake:amd64 (13.0.3-1, automatic), ruby:amd64 (1:2.7+2, automatic), libgtkspell0:amd64 (2.0.16-1.3, automatic), sylpheed-doc:amd64 (20140827-3), ruby2.7:amd64 (2.7.4-1+deb11u1, automatic), bogofilter-bdb:amd64 (1.2.5-1, automatic), libgsl25:amd64 (2.6+dfsg-2, automatic), libcompfaceg1:amd64 (1:1.5.2-5+b2, automatic), bogofilter-common:amd64 (1.2.5-1, automatic), ruby-rubygems:amd64 (3.2.5-2, automatic), libgslcblas0:amd64 (2.6+dfsg-2, automatic), ruby-test-unit:amd64 (3.3.9-1, automatic), bogofilter:amd64 (1.2.5-1), ruby-xmlrpc:amd64 (0.3.0-2, automatic)
End-Date: 2023-02-03  01:46:39

Start-Date: 2023-02-03  01:46:48
Commandline: apt install formatusb quick-system-info-gui
Install: quick-system-info-gui:amd64 (22.10.010mx21), formatusb:amd64 (22.10.01)
End-Date: 2023-02-03  01:46:49

Start-Date: 2023-02-03  01:47:27
Commandline: apt install firefox-l10n-xpi-de firefox-l10n-xpi-es-es firefox-l10n-xpi-fr firefox-l10n-xpi-hi-in firefox-l10n-xpi-hr firefox-l10n-xpi-hu firefox-l10n-xpi-id firefox-l10n-xpi-it firefox-l10n-xpi-ja firefox-l10n-xpi-nl firefox-l10n-xpi-pl firefox-l10n-xpi-pt-br firefox-l10n-xpi-ru firefox-l10n-xpi-sv-se firefox-l10n-xpi-zh-tw
Install: firefox-l10n-xpi-hi-in:amd64 (109.0~mozillabinaries-1mx21+1), firefox-l10n-xpi-de:amd64 (109.0~mozillabinaries-1mx21+1), firefox-l10n-xpi-fr:amd64 (109.0~mozillabinaries-1mx21+1), firefox-l10n-xpi-hr:amd64 (109.0~mozillabinaries-1mx21+1), firefox-l10n-xpi-hu:amd64 (109.0~mozillabinaries-1mx21+1), firefox-l10n-xpi-id:amd64 (109.0~mozillabinaries-1mx21+1), firefox-l10n-xpi-it:amd64 (109.0~mozillabinaries-1mx21+1), firefox-l10n-xpi-ja:amd64 (109.0~mozillabinaries-1mx21+1), firefox-l10n-xpi-nl:amd64 (109.0~mozillabinaries-1mx21+1), firefox-l10n-xpi-pl:amd64 (109.0~mozillabinaries-1mx21+1), firefox-l10n-xpi-ru:amd64 (109.0~mozillabinaries-1mx21+1), firefox-l10n-xpi-pt-br:amd64 (109.0~mozillabinaries-1mx21+1), firefox-l10n-xpi-zh-tw:amd64 (109.0~mozillabinaries-1mx21+1), firefox-l10n-xpi-sv-se:amd64 (109.0~mozillabinaries-1mx21+1), firefox-l10n-xpi-es-es:amd64 (109.0~mozillabinaries-1mx21+1)
End-Date: 2023-02-03  01:47:29

Start-Date: 2023-02-03  01:47:39
Commandline: apt install synaptic
Install: synaptic:amd64 (0.90.2), libvte-2.91-common:amd64 (0.62.3-1, automatic), libept1.6.0:amd64 (1.2.1, automatic), libvte-2.91-0:amd64 (0.62.3-1, automatic)
End-Date: 2023-02-03  01:47:40
