root@mx1:/home/demo# apt install gnome-tweaks
Reading package lists... Done
Building dependency tree... Done
Reading state information... Done
The following additional packages will be installed:
  evolution-data-server evolution-data-server-common gcr
  gir1.2-accountsservice-1.0 gir1.2-atspi-2.0 gir1.2-gck-1 gir1.2-gcr-3
  gir1.2-gdesktopenums-3.0 gir1.2-gdm-1.0 gir1.2-geoclue-2.0
  gir1.2-gnomebluetooth-1.0 gir1.2-gnomedesktop-3.0 gir1.2-graphene-1.0
  gir1.2-gweather-3.0 gir1.2-handy-0.0 gir1.2-ibus-1.0 gir1.2-json-1.0
  gir1.2-mutter-7 gir1.2-nm-1.0 gir1.2-nma-1.0 gir1.2-notify-0.7
  gir1.2-polkit-1.0 gir1.2-rsvg-2.0 gir1.2-soup-2.4 gir1.2-upowerglib-1.0
  gnome-backgrounds gnome-keyring gnome-shell gnome-shell-common
  gnome-shell-extension-prefs gstreamer1.0-pipewire libcamel-1.2-62
  libebackend-1.2-10 libebook-1.2-20 libebook-contacts-1.2-3 libecal-2.0-1
  libedata-book-1.2-26 libedata-cal-2.0-1 libedataserver-1.2-25
  libedataserverui-1.2-2 libgcr-ui-3-1 libgdata-common libgdata22 libgdm1
  libgnome-autoar-0-0 libhandy-0.0-0 libphonenumber8 libpipewire-0.3-modules
  libprotobuf23 p11-kit p11-kit-modules pinentry-gnome3 pipewire pipewire-bin
Suggested packages:
  evolution gir1.2-telepathyglib-0.12 gir1.2-telepathylogger-0.2 pinentry-doc
Recommended packages:
  libpam-gnome-keyring gnome-keyring-pkcs11 bolt chrome-gnome-shell gdm3
  gkbd-capplet gnome-user-docs ibus iio-sensor-proxy switcheroo-control
The following NEW packages will be installed:
  evolution-data-server evolution-data-server-common gcr
  gir1.2-accountsservice-1.0 gir1.2-atspi-2.0 gir1.2-gck-1 gir1.2-gcr-3
  gir1.2-gdesktopenums-3.0 gir1.2-gdm-1.0 gir1.2-geoclue-2.0
  gir1.2-gnomebluetooth-1.0 gir1.2-gnomedesktop-3.0 gir1.2-graphene-1.0
  gir1.2-gweather-3.0 gir1.2-handy-0.0 gir1.2-ibus-1.0 gir1.2-json-1.0
  gir1.2-mutter-7 gir1.2-nm-1.0 gir1.2-nma-1.0 gir1.2-notify-0.7
  gir1.2-polkit-1.0 gir1.2-rsvg-2.0 gir1.2-soup-2.4 gir1.2-upowerglib-1.0
  gnome-backgrounds gnome-keyring gnome-shell gnome-shell-common
  gnome-shell-extension-prefs gnome-tweaks gstreamer1.0-pipewire
  libcamel-1.2-62 libebackend-1.2-10 libebook-1.2-20 libebook-contacts-1.2-3
  libecal-2.0-1 libedata-book-1.2-26 libedata-cal-2.0-1 libedataserver-1.2-25
  libedataserverui-1.2-2 libgcr-ui-3-1 libgdata-common libgdata22 libgdm1
  libgnome-autoar-0-0 libhandy-0.0-0 libphonenumber8 libpipewire-0.3-modules
  libprotobuf23 p11-kit p11-kit-modules pinentry-gnome3 pipewire pipewire-bin
0 upgraded, 55 newly installed, 0 to remove and 0 not upgraded.
Need to get 51.8 MB of archives.
After this operation, 94.3 MB of additional disk space will be used.
Do you want to continue? [Y/n] 

