
Start-Date: 2022-06-04  09:31:33
Commandline: apt purge featherpad featherpad-l10n
Purge: featherpad-l10n:amd64 (1.1.1-0.1~mx21+1), featherpad:amd64 (1.1.1-0.1~mx21+1)
End-Date: 2022-06-04  09:31:35

Start-Date: 2022-06-04  09:31:56
Commandline: apt remove pavucontrol
Remove: pavucontrol:amd64 (4.0-2)
End-Date: 2022-06-04  09:31:57

Start-Date: 2022-06-04  09:32:49
Commandline: apt install formatusb
Install: formatusb:amd64 (22.04)
End-Date: 2022-06-04  09:32:50

Start-Date: 2022-06-04  09:33:24
Commandline: apt install sylpheed sylpheed-doc sylpheed-i18n bogofilter bsfilter
Install: ruby-minitest:amd64 (5.13.0-1, automatic), libonig5:amd64 (6.9.6-1.1, automatic), sylpheed:amd64 (3.7.0-8), bsfilter:amd64 (1:1.0.19-2.1), sylpheed-i18n:amd64 (3.7.0-8), ruby-net-telnet:amd64 (0.1.1-2, automatic), rubygems-integration:amd64 (1.18, automatic), libruby2.7:amd64 (2.7.4-1+deb11u1, automatic), ruby-power-assert:amd64 (1.1.7-2, automatic), rake:amd64 (13.0.3-1, automatic), ruby:amd64 (1:2.7+2, automatic), libgtkspell0:amd64 (2.0.16-1.3, automatic), sylpheed-doc:amd64 (20140827-3), ruby2.7:amd64 (2.7.4-1+deb11u1, automatic), bogofilter-bdb:amd64 (1.2.5-1, automatic), libgsl25:amd64 (2.6+dfsg-2, automatic), libcompfaceg1:amd64 (1:1.5.2-5+b2, automatic), bogofilter-common:amd64 (1.2.5-1, automatic), ruby-rubygems:amd64 (3.2.5-2, automatic), libgslcblas0:amd64 (2.6+dfsg-2, automatic), ruby-test-unit:amd64 (3.3.9-1, automatic), bogofilter:amd64 (1.2.5-1), ruby-xmlrpc:amd64 (0.3.0-2, automatic)
End-Date: 2022-06-04  09:33:29

Start-Date: 2022-06-04  09:34:06
Commandline: apt install libreoffice
Install: liborcus-parser-0.16-0:amd64 (0.16.1-3+b2, automatic), libneon27-gnutls:amd64 (0.31.2-1, automatic), libyajl2:amd64 (2.1.0-3, automatic), libreoffice-calc:amd64 (1:7.0.4-4+deb11u1, automatic), libgpgmepp6:amd64 (1.14.0-1+b2, automatic), libexttextcat-2.0-0:amd64 (3.4.5-1, automatic), uno-libs-private:amd64 (1:7.0.4-4+deb11u1, automatic), libreoffice-base-core:amd64 (1:7.0.4-4+deb11u1, automatic), libqxp-0.0-0:amd64 (0.0.2-1+b1, automatic), libreoffice-core:amd64 (1:7.0.4-4+deb11u1, automatic), libepubgen-0.1-1:amd64 (0.1.1-1, automatic), libraptor2-0:amd64 (2.0.14-1.2, automatic), libabw-0.1-1:amd64 (0.1.3-1, automatic), libsuitesparseconfig5:amd64 (1:5.8.1+dfsg-2, automatic), libetonyek-0.1-1:amd64 (0.1.9-4, automatic), libe-book-0.1-1:amd64 (0.1.3-2, automatic), libreoffice-common:amd64 (1:7.0.4-4+deb11u1, automatic), libreoffice-report-builder-bin:amd64 (1:7.0.4-4+deb11u1, automatic), ure:amd64 (1:7.0.4-4+deb11u1, automatic), libclucene-contribs1v5:amd64 (2.3.3.4+dfsg-1+b1, automatic), librdf0:amd64 (1.0.17-1.1+b1, automatic), libzmf-0.0-0:amd64 (0.0.2-1+b3, automatic), liblangtag-common:amd64 (0.6.3-2, automatic), libreoffice-draw:amd64 (1:7.0.4-4+deb11u1, automatic), libwpd-0.10-10:amd64 (0.10.3-1, automatic), libuno-purpenvhelpergcc3-3:amd64 (1:7.0.4-4+deb11u1, automatic), lp-solve:amd64 (5.5.2.5-2, automatic), libclucene-core1v5:amd64 (2.3.3.4+dfsg-1+b1, automatic), libuno-cppu3:amd64 (1:7.0.4-4+deb11u1, automatic), libodfgen-0.1-1:amd64 (0.1.8-2, automatic), libboost-filesystem1.74.0:amd64 (1.74.0-9, automatic), libqrcodegencpp1:amd64 (1.6.0-1, automatic), libboost-thread1.74.0:amd64 (1.74.0-9, automatic), libreoffice-impress:amd64 (1:7.0.4-4+deb11u1, automatic), libnumbertext-data:amd64 (1.0.7-1, automatic), libuno-cppuhelpergcc3-3:amd64 (1:7.0.4-4+deb11u1, automatic), fonts-opensymbol:amd64 (2:102.11+LibO7.0.4-4+deb11u1, automatic), libcdr-0.1-1:amd64 (0.1.6-2, automatic), libpagemaker-0.0-0:amd64 (0.0.4-1, automatic), libmhash2:amd64 (0.9.9.9-9, automatic), libxmlsec1:amd64 (1.2.31-1, automatic), libboost-locale1.74.0:amd64 (1.74.0-9, automatic), libreoffice-style-colibre:amd64 (1:7.0.4-4+deb11u1, automatic), libwps-0.4-4:amd64 (0.4.12-1, automatic), libreoffice-writer:amd64 (1:7.0.4-4+deb11u1, automatic), libuno-salhelpergcc3-3:amd64 (1:7.0.4-4+deb11u1, automatic), liborcus-0.16-0:amd64 (0.16.1-3+b2, automatic), libreoffice-base-drivers:amd64 (1:7.0.4-4+deb11u1, automatic), libreoffice:amd64 (1:7.0.4-4+deb11u1), libstaroffice-0.0-0:amd64 (0.0.7-1, automatic), libcolamd2:amd64 (1:5.8.1+dfsg-2, automatic), liblangtag1:amd64 (0.6.3-2, automatic), libmwaw-0.3-3:amd64 (0.3.17-1, automatic), libnumbertext-1.0-0:amd64 (1.0.7-1, automatic), librevenge-0.0-0:amd64 (0.0.4-6+b1, automatic), python3-uno:amd64 (1:7.0.4-4+deb11u1, automatic), libuno-sal3:amd64 (1:7.0.4-4+deb11u1, automatic), coinor-libcbc3:amd64 (2.10.5+ds1-3, automatic), coinor-libcoinutils3v5:amd64 (2.11.4+repack1-1, automatic), coinor-libcgl1:amd64 (0.60.3+repack1-2, automatic), libmythes-1.2-0:amd64 (2:1.2.4-3+b1, automatic), libvisio-0.1-1:amd64 (0.1.7-1+b1, automatic), coinor-libclp1:amd64 (1.17.5+repack1-1, automatic), librasqal3:amd64 (0.9.33-0.1, automatic), libreoffice-base:amd64 (1:7.0.4-4+deb11u1, automatic), libreoffice-math:amd64 (1:7.0.4-4+deb11u1, automatic), coinor-libosi1v5:amd64 (0.108.6+repack1-2, automatic), libexttextcat-data:amd64 (3.4.5-1, automatic), libfreehand-0.1-1:amd64 (0.1.2-3, automatic), libxmlsec1-nss:amd64 (1.2.31-1, automatic), libcmis-0.5-5v5:amd64 (0.5.2-3, automatic), libwpg-0.3-3:amd64 (0.3.3-1, automatic), coinor-libcoinmp1v5:amd64 (1.8.3-3, automatic), libeot0:amd64 (0.01-5+b1, automatic), libmspub-0.1-1:amd64 (0.1.4-3+b1, automatic)
End-Date: 2022-06-04  09:34:43

Start-Date: 2022-06-04  09:34:50
Commandline: apt install gnome-sound-recorder
Install: gnome-sound-recorder:amd64 (3.38.1-1), gjs:amd64 (1.66.2-1, automatic), libgjs0g:amd64 (1.66.2-1, automatic), gir1.2-gstreamer-1.0:amd64 (1.18.4-2.1, automatic), gir1.2-gst-plugins-base-1.0:amd64 (1.18.4-2, automatic), libgstreamer-plugins-bad1.0-0:amd64 (1.18.4-3, automatic), gir1.2-handy-1:amd64 (1.0.3-2, automatic), gir1.2-gst-plugins-bad-1.0:amd64 (1.18.4-3, automatic), libhandy-1-0:amd64 (1.0.3-2, automatic), libmozjs-78-0:amd64 (78.4.0-2, automatic)
End-Date: 2022-06-04  09:34:52

Start-Date: 2022-06-04  09:35:10
Commandline: apt install audacious
Install: liblirc-client0:amd64 (0.10.1-6.3, automatic), libfluidsynth2:amd64 (2.1.7-1.1, automatic), audacious:amd64 (4.0.5-1), audacious-plugins:amd64 (4.0.5-1, automatic), audacious-plugins-data:amd64 (4.0.5-1, automatic), libfaad2:amd64 (2.10.0-1, automatic), timgm6mb-soundfont:amd64 (1.3-5, automatic), libmms0:amd64 (0.6.4-3, automatic), libmodplug1:amd64 (1:0.8.9.0-3, automatic), libqt5multimedia5:amd64 (5.15.2-3, automatic), libsndio7.0:amd64 (1.5.0-3, automatic), libqt5opengl5:amd64 (5.15.2+dfsg-9, automatic), libcue2:amd64 (2.2.1-3, automatic), libaudgui5:amd64 (4.0.5-1, automatic), libsdl2-2.0-0:amd64 (2.0.14+dfsg2-3, automatic), libinstpatch-1.0-2:amd64 (1.1.6-1, automatic), libaudcore5:amd64 (4.0.5-1, automatic), libcddb2:amd64 (1.3.2-6+b1, automatic), libaudqt2:amd64 (4.0.5-1, automatic), libaudtag3:amd64 (4.0.5-1, automatic), libsidplayfp5:amd64 (2.0.5-2, automatic)
End-Date: 2022-06-04  09:35:14

Start-Date: 2022-06-04  09:35:43
Commandline: apt install smplayer
Install: libopenal-data:amd64 (1:1.19.1-2, automatic), smplayer-themes:amd64 (1:20.11.0-1, automatic), smplayer:amd64 (21.10.0-1~mx21+1), mpv:amd64 (0.32.0-3, automatic), liblua5.2-0:amd64 (5.2.4-1.1+b3, automatic), libavdevice58:amd64 (7:4.3.4-0+deb11u1+mx21+1, automatic), libopenal1:amd64 (1:1.19.1-2, automatic), libva-wayland2:amd64 (2.10.0-1, automatic), smplayer-l10n:amd64 (21.10.0-1~mx21+1, automatic), libdvdnav4:amd64 (6.1.0-1+b1, automatic), libdc1394-25:amd64 (2.2.6-3, automatic), youtube-dl:amd64 (2021.06.06-1, automatic), libdvdread8:amd64 (6.1.1-2, automatic)
End-Date: 2022-06-04  09:35:48

Start-Date: 2022-06-04  09:36:26
Commandline: apt install synaptic
Install: synaptic:amd64 (0.90.2), libept1.6.0:amd64 (1.2.1, automatic)
End-Date: 2022-06-04  09:36:27

Start-Date: 2022-06-04  09:36:50
Commandline: apt install uim uim-anthy kasumi im-config zenity uim-gtk2.0 uim-qt5 uim-gtk3 uim-xim uim-fep
Install: libm17n-0:amd64 (1.8.0-2, automatic), libgcroots0:amd64 (0.9.1-1, automatic), uim-gtk2.0:amd64 (1:1.8.8-9), anthy:amd64 (1:0.4-2, automatic), uim-gtk3:amd64 (1:1.8.8-9), uim:amd64 (1:1.8.8-9), uim-gtk2.0-immodule:amd64 (1:1.8.8-9, automatic), libanthyinput0:amd64 (1:0.4-2, automatic), libuim-scm0:amd64 (1:1.8.8-9, automatic), uim-gtk3-immodule:amd64 (1:1.8.8-9, automatic), im-config:amd64 (0.46-1+deb11u1), uim-qt5-immodule:amd64 (1:1.8.8-9, automatic), libanthy1:amd64 (1:0.4-2, automatic), uim-data:amd64 (1:1.8.8-9, automatic), uim-anthy:amd64 (1:1.8.8-9), libuim-data:amd64 (1:1.8.8-9, automatic), libuim-custom2:amd64 (1:1.8.8-9, automatic), anthy-common:amd64 (1:0.4-2, automatic), m17n-db:amd64 (1.8.0-3, automatic), kasumi:amd64 (2.5-9+b1), uim-plugins:amd64 (1:1.8.8-9, automatic), libotf0:amd64 (0.9.13-7, automatic), libuim8:amd64 (1:1.8.8-9, automatic), uim-fep:amd64 (1:1.8.8-9), uim-qt5:amd64 (1:1.8.8-9), uim-xim:amd64 (1:1.8.8-9)
End-Date: 2022-06-04  09:36:55

Start-Date: 2022-06-04  09:37:13
Commandline: apt install fonts-vlgothic
Install: fonts-vlgothic:amd64 (20200720-1)
End-Date: 2022-06-04  09:37:14

Start-Date: 2022-06-04  09:39:45
Commandline: /usr/sbin/synaptic
Requested-By: demo (1000)
Install: firefox-l10n-xpi-ja:amd64 (101.0~mozillabinaries-1mx21+1)
End-Date: 2022-06-04  09:39:46
