
Start-Date: 2022-06-04  08:37:29
Commandline: apt install engrampa caja-share mate-netbook mate-user-guide atril eom mate-backgrounds mate-calc mate-applet-brisk-menu mate-applets mate-media mate-power-manager mate-screensaver mate-system-monitor mate-utils pluma blueman caja-admin caja-eiciel caja-gtkhash caja-image-converter caja-open-terminal caja-rename caja-seahorse caja-sendto caja-wallpaper mate-dock-applet mate-menu mate-sensors-applet mate-tweak mate-user-share mozo yelp
Install: libgucharmap-2-90-7:amd64 (1:13.0.5-1, automatic), libsynctex2:amd64 (2020.20200327.54578-7, automatic), pluma-common:amd64 (1.24.1-1, automatic), libb2-1:amd64 (0.98.1-1.1, automatic), mate-user-share:amd64 (1.24.0-2), gir1.2-eom-1.0:amd64 (1.24.1-1, automatic), mate-screensaver-common:amd64 (1.24.1-1, automatic), libpaper1:amd64 (1.1.28+b1, automatic), mate-user-guide:amd64 (1.24.0-1), libjbig2dec0:amd64 (0.19-2, automatic), python3-samba:amd64 (2:4.13.13+dfsg-1~deb11u3, automatic), libidn11:amd64 (1.33-3, automatic), gtkhash:amd64 (1.2-1+b3, automatic), seahorse-daemon:amd64 (3.12.2-6, automatic), caja-wallpaper:amd64 (1.24.1-1), mate-applet-brisk-menu:amd64 (0.6.2-1), eom:amd64 (1.24.1-1), gir1.2-notify-0.7:amd64 (0.7.9-3, automatic), libdjvulibre-text:amd64 (3.5.28-2, automatic), libmagic-mgc:amd64 (1:5.39-3, automatic), libatrilview3:amd64 (1.24.0-1, automatic), engrampa:amd64 (1.24.1-1), mate-user-share-common:amd64 (1.24.0-2, automatic), libaprutil1-dbd-sqlite3:amd64 (1.6.1-5, automatic), caja-admin:amd64 (0.0.3-1), caja-seahorse:amd64 (1.18.5-1), libpeas-common:amd64 (1.28.0-2, automatic), yelp-xsl:amd64 (3.38.3-1, automatic), mate-tweak:amd64 (21.04.2-1), libapr1:amd64 (1.7.0-6+deb11u1, automatic), libheif1:amd64 (1.11.0-1, automatic), blueman:amd64 (2.1.4-1+b1), python-caja-common:amd64 (1.24.0-3, automatic), imagemagick:amd64 (8:6.9.11.60+dfsg-1.3, automatic), libkpathsea6:amd64 (2020.20200327.54578-7, automatic), caja-open-terminal:amd64 (1.24.1-1), libijs-0.35:amd64 (0.35-15, automatic), gir1.2-gtksource-3.0:amd64 (3.24.11-2, automatic), atril:amd64 (1.24.0-1), libapache2-mod-dnssd:amd64 (0.6-3.2, automatic), gir1.2-wnck-3.0:amd64 (3.36.0-1, automatic), pluma:amd64 (1.24.1-1), libmagic1:amd64 (1:5.39-3, automatic), mate-dock-applet:amd64 (20.04.0-1), python3-distro:amd64 (1.5.0-1, automatic), liblua5.3-0:amd64 (5.3.3-1.1+b1, automatic), libgupnp-1.2-0:amd64 (1.2.4-1, automatic), libmatedict6:amd64 (1.24.0-1, automatic), libgtksourceview-3.0-1:amd64 (3.24.11-2, automatic), gir1.2-pluma-1.0:amd64 (1.24.1-1, automatic), gir1.2-matepanelapplet-4.0:amd64 (1.24.1-1, automatic), mate-backgrounds:amd64 (1.24.2-1), mate-screensaver:amd64 (1.24.1-1), mate-power-manager:amd64 (1.24.2-1), gir1.2-matedesktop-2.0:amd64 (1.24.1-2, automatic), caja-rename:amd64 (20.1.26-1), libgs9-common:amd64 (9.53.3~dfsg-7+deb11u2, automatic), mate-calc-common:amd64 (1.24.1-1, automatic), poppler-data:amd64 (0.4.10-1, automatic), mate-menu:amd64 (20.04.3-1), caja-share:amd64 (1.24.1-1), caja-sendto:amd64 (1.24.1-1), mate-power-manager-common:amd64 (1.24.2-1, automatic), mate-netbook-common:amd64 (1.24.0-1, automatic), bamfdaemon:amd64 (0.5.4-2, automatic), samba-common-bin:amd64 (2:4.13.13+dfsg-1~deb11u3, automatic), mate-system-monitor:amd64 (1.24.1-1), python3-pkg-resources:amd64 (52.0.0-4, automatic), apache2-bin:amd64 (2.4.53-1~deb11u1, automatic), mate-media-common:amd64 (1.24.1-1, automatic), gir1.2-nm-1.0:amd64 (1.30.0-2, automatic), fonts-urw-base35:amd64 (20200910-1, automatic), caja-extensions-common:amd64 (1.24.1-1, automatic), dconf-cli:amd64 (0.38.0-2, automatic), libgssdp-1.2-0:amd64 (1.2.3-2, automatic), gir1.2-peas-1.0:amd64 (1.28.0-2+b1, automatic), python3-psutil:amd64 (5.8.0-1, automatic), gir1.2-bamf-3:amd64 (0.5.4-2, automatic), atril-common:amd64 (1.24.0-1, automatic), mailcap:amd64 (3.69, automatic), mate-calc:amd64 (1.24.1-1), p7zip-full:amd64 (16.02+dfsg-8, automatic), libmagickwand-6.q16-6:amd64 (8:6.9.11.60+dfsg-1.3, automatic), libdjvulibre21:amd64 (3.5.28-2, automatic), caja-image-converter:amd64 (1.24.1-1), libaprutil1:amd64 (1.6.1-5, automatic), python3-xlib:amd64 (0.29-1, automatic), libgtksourceview-3.0-common:amd64 (3.24.11-2, automatic), p7zip:amd64 (16.02+dfsg-8, automatic), python3-setproctitle:amd64 (1.2.1-1+b1, automatic), mozo:amd64 (1.24.0-1), imagemagick-6.q16:amd64 (8:6.9.11.60+dfsg-1.3, automatic), mate-applets:amd64 (1.24.1-1), mate-media:amd64 (1.24.1-1), mate-applets-common:amd64 (1.24.1-1, automatic), fonts-mathjax:amd64 (2.7.9+dfsg-1, automatic), libmagickcore-6.q16-6:amd64 (8:6.9.11.60+dfsg-1.3, automatic), libgxps2:amd64 (0.3.2-1, automatic), libjs-mathjax:amd64 (2.7.9+dfsg-1, automatic), libimagequant0:amd64 (2.12.2-1.1, automatic), python3-pil:amd64 (8.1.2+dfsg-0.3+deb11u1, automatic), mate-utils:amd64 (1.24.0-1), python3-six:amd64 (1.16.0-2, automatic), python3-tdb:amd64 (1.4.3-1+b1, automatic), python3-caja:amd64 (1.24.0-3, automatic), mate-utils-common:amd64 (1.24.0-1, automatic), libatrildocument3:amd64 (1.24.0-1, automatic), python3-xdg:amd64 (0.27-2, automatic), engrampa-common:amd64 (1.24.1-1, automatic), mime-support:amd64 (3.66, automatic), libyelp0:amd64 (3.38.3-1, automatic), mate-system-monitor-common:amd64 (1.24.1-1, automatic), yelp:amd64 (3.38.3-1), caja-gtkhash:amd64 (1.2-1+b3), imagemagick-6-common:amd64 (8:6.9.11.60+dfsg-1.3, automatic), libmate-sensors-applet-plugin0:amd64 (1.24.1-1, automatic), libpeas-1.0-0:amd64 (1.28.0-2+b1, automatic), samba-common:amd64 (2:4.13.13+dfsg-1~deb11u3, automatic), libcryptui0a:amd64 (3.12.2-6, automatic), python3-configobj:amd64 (5.0.6-4, automatic), libcpupower1:amd64 (5.10.113-1, automatic), libgs9:amd64 (9.53.3~dfsg-7+deb11u2, automatic), mate-sensors-applet:amd64 (1.24.1-1), libfakekey0:amd64 (0.3+git20170516-2, automatic), mate-sensors-applet-common:amd64 (1.24.1-1, automatic), caja-eiciel:amd64 (1.20.1-2), mate-netbook:amd64 (1.24.0-1), libaprutil1-ldap:amd64 (1.6.1-5, automatic), gir1.2-caja-2.0:amd64 (1.24.0-1, automatic), libde265-0:amd64 (1.0.8-1, automatic), eom-common:amd64 (1.24.1-1, automatic), liblqr-1-0:amd64 (0.4.2-2.1, automatic), libbamf3-2:amd64 (0.5.4-2, automatic), libspectre1:amd64 (0.2.9-1, automatic)
End-Date: 2022-06-04  08:38:07

Start-Date: 2022-06-04  08:39:36
Commandline: apt purge featherpad featherpad-l10n
Purge: featherpad-l10n:amd64 (1.1.1-0.1~mx21+1), featherpad:amd64 (1.1.1-0.1~mx21+1)
End-Date: 2022-06-04  08:39:36

Start-Date: 2022-06-04  08:39:55
Commandline: apt remove pavucontrol
Remove: pavucontrol:amd64 (4.0-2)
End-Date: 2022-06-04  08:39:56

Start-Date: 2022-06-04  08:40:23
Commandline: apt install formatusb
Install: formatusb:amd64 (22.04)
End-Date: 2022-06-04  08:40:24

Start-Date: 2022-06-04  08:41:05
Commandline: apt install sylpheed sylpheed-doc sylpheed-i18n bogofilter bsfilter
Install: ruby-minitest:amd64 (5.13.0-1, automatic), libonig5:amd64 (6.9.6-1.1, automatic), sylpheed:amd64 (3.7.0-8), bsfilter:amd64 (1:1.0.19-2.1), sylpheed-i18n:amd64 (3.7.0-8), ruby-net-telnet:amd64 (0.1.1-2, automatic), rubygems-integration:amd64 (1.18, automatic), libruby2.7:amd64 (2.7.4-1+deb11u1, automatic), ruby-power-assert:amd64 (1.1.7-2, automatic), rake:amd64 (13.0.3-1, automatic), ruby:amd64 (1:2.7+2, automatic), libgtkspell0:amd64 (2.0.16-1.3, automatic), sylpheed-doc:amd64 (20140827-3), ruby2.7:amd64 (2.7.4-1+deb11u1, automatic), bogofilter-bdb:amd64 (1.2.5-1, automatic), libgsl25:amd64 (2.6+dfsg-2, automatic), libcompfaceg1:amd64 (1:1.5.2-5+b2, automatic), bogofilter-common:amd64 (1.2.5-1, automatic), ruby-rubygems:amd64 (3.2.5-2, automatic), libgslcblas0:amd64 (2.6+dfsg-2, automatic), ruby-test-unit:amd64 (3.3.9-1, automatic), bogofilter:amd64 (1.2.5-1), ruby-xmlrpc:amd64 (0.3.0-2, automatic)
End-Date: 2022-06-04  08:41:10

Start-Date: 2022-06-04  08:41:42
Commandline: apt install libreoffice
Install: liborcus-parser-0.16-0:amd64 (0.16.1-3+b2, automatic), libneon27-gnutls:amd64 (0.31.2-1, automatic), libyajl2:amd64 (2.1.0-3, automatic), libreoffice-calc:amd64 (1:7.0.4-4+deb11u1, automatic), libgpgmepp6:amd64 (1.14.0-1+b2, automatic), libexttextcat-2.0-0:amd64 (3.4.5-1, automatic), uno-libs-private:amd64 (1:7.0.4-4+deb11u1, automatic), libreoffice-base-core:amd64 (1:7.0.4-4+deb11u1, automatic), libqxp-0.0-0:amd64 (0.0.2-1+b1, automatic), libreoffice-core:amd64 (1:7.0.4-4+deb11u1, automatic), libepubgen-0.1-1:amd64 (0.1.1-1, automatic), libraptor2-0:amd64 (2.0.14-1.2, automatic), libabw-0.1-1:amd64 (0.1.3-1, automatic), libsuitesparseconfig5:amd64 (1:5.8.1+dfsg-2, automatic), libetonyek-0.1-1:amd64 (0.1.9-4, automatic), libe-book-0.1-1:amd64 (0.1.3-2, automatic), libreoffice-common:amd64 (1:7.0.4-4+deb11u1, automatic), libreoffice-report-builder-bin:amd64 (1:7.0.4-4+deb11u1, automatic), ure:amd64 (1:7.0.4-4+deb11u1, automatic), libclucene-contribs1v5:amd64 (2.3.3.4+dfsg-1+b1, automatic), librdf0:amd64 (1.0.17-1.1+b1, automatic), libzmf-0.0-0:amd64 (0.0.2-1+b3, automatic), liblangtag-common:amd64 (0.6.3-2, automatic), libreoffice-draw:amd64 (1:7.0.4-4+deb11u1, automatic), libwpd-0.10-10:amd64 (0.10.3-1, automatic), libuno-purpenvhelpergcc3-3:amd64 (1:7.0.4-4+deb11u1, automatic), lp-solve:amd64 (5.5.2.5-2, automatic), libclucene-core1v5:amd64 (2.3.3.4+dfsg-1+b1, automatic), libuno-cppu3:amd64 (1:7.0.4-4+deb11u1, automatic), libodfgen-0.1-1:amd64 (0.1.8-2, automatic), libboost-filesystem1.74.0:amd64 (1.74.0-9, automatic), libqrcodegencpp1:amd64 (1.6.0-1, automatic), libboost-thread1.74.0:amd64 (1.74.0-9, automatic), libreoffice-impress:amd64 (1:7.0.4-4+deb11u1, automatic), libnumbertext-data:amd64 (1.0.7-1, automatic), libuno-cppuhelpergcc3-3:amd64 (1:7.0.4-4+deb11u1, automatic), fonts-opensymbol:amd64 (2:102.11+LibO7.0.4-4+deb11u1, automatic), libcdr-0.1-1:amd64 (0.1.6-2, automatic), libpagemaker-0.0-0:amd64 (0.0.4-1, automatic), libmhash2:amd64 (0.9.9.9-9, automatic), libxmlsec1:amd64 (1.2.31-1, automatic), libboost-locale1.74.0:amd64 (1.74.0-9, automatic), libreoffice-style-colibre:amd64 (1:7.0.4-4+deb11u1, automatic), libwps-0.4-4:amd64 (0.4.12-1, automatic), libreoffice-writer:amd64 (1:7.0.4-4+deb11u1, automatic), libuno-salhelpergcc3-3:amd64 (1:7.0.4-4+deb11u1, automatic), liborcus-0.16-0:amd64 (0.16.1-3+b2, automatic), libreoffice-base-drivers:amd64 (1:7.0.4-4+deb11u1, automatic), libreoffice:amd64 (1:7.0.4-4+deb11u1), libstaroffice-0.0-0:amd64 (0.0.7-1, automatic), libcolamd2:amd64 (1:5.8.1+dfsg-2, automatic), liblangtag1:amd64 (0.6.3-2, automatic), libmwaw-0.3-3:amd64 (0.3.17-1, automatic), libnumbertext-1.0-0:amd64 (1.0.7-1, automatic), librevenge-0.0-0:amd64 (0.0.4-6+b1, automatic), python3-uno:amd64 (1:7.0.4-4+deb11u1, automatic), libuno-sal3:amd64 (1:7.0.4-4+deb11u1, automatic), coinor-libcbc3:amd64 (2.10.5+ds1-3, automatic), coinor-libcoinutils3v5:amd64 (2.11.4+repack1-1, automatic), coinor-libcgl1:amd64 (0.60.3+repack1-2, automatic), libmythes-1.2-0:amd64 (2:1.2.4-3+b1, automatic), libvisio-0.1-1:amd64 (0.1.7-1+b1, automatic), coinor-libclp1:amd64 (1.17.5+repack1-1, automatic), librasqal3:amd64 (0.9.33-0.1, automatic), libreoffice-base:amd64 (1:7.0.4-4+deb11u1, automatic), libreoffice-math:amd64 (1:7.0.4-4+deb11u1, automatic), coinor-libosi1v5:amd64 (0.108.6+repack1-2, automatic), libexttextcat-data:amd64 (3.4.5-1, automatic), libfreehand-0.1-1:amd64 (0.1.2-3, automatic), libxmlsec1-nss:amd64 (1.2.31-1, automatic), libcmis-0.5-5v5:amd64 (0.5.2-3, automatic), libwpg-0.3-3:amd64 (0.3.3-1, automatic), coinor-libcoinmp1v5:amd64 (1.8.3-3, automatic), libeot0:amd64 (0.01-5+b1, automatic), libmspub-0.1-1:amd64 (0.1.4-3+b1, automatic)
End-Date: 2022-06-04  08:42:19

Start-Date: 2022-06-04  08:42:28
Commandline: apt install gnome-sound-recorder
Install: gnome-sound-recorder:amd64 (3.38.1-1), gjs:amd64 (1.66.2-1, automatic), libgjs0g:amd64 (1.66.2-1, automatic), gir1.2-gstreamer-1.0:amd64 (1.18.4-2.1, automatic), gir1.2-gst-plugins-base-1.0:amd64 (1.18.4-2, automatic), libgstreamer-plugins-bad1.0-0:amd64 (1.18.4-3, automatic), gir1.2-handy-1:amd64 (1.0.3-2, automatic), gir1.2-gst-plugins-bad-1.0:amd64 (1.18.4-3, automatic), libhandy-1-0:amd64 (1.0.3-2, automatic), libmozjs-78-0:amd64 (78.4.0-2, automatic)
End-Date: 2022-06-04  08:42:31

Start-Date: 2022-06-04  08:42:54
Commandline: apt install audacious
Install: liblirc-client0:amd64 (0.10.1-6.3, automatic), libfluidsynth2:amd64 (2.1.7-1.1, automatic), audacious:amd64 (4.0.5-1), audacious-plugins:amd64 (4.0.5-1, automatic), audacious-plugins-data:amd64 (4.0.5-1, automatic), libfaad2:amd64 (2.10.0-1, automatic), timgm6mb-soundfont:amd64 (1.3-5, automatic), libmms0:amd64 (0.6.4-3, automatic), libmodplug1:amd64 (1:0.8.9.0-3, automatic), libqt5multimedia5:amd64 (5.15.2-3, automatic), libsndio7.0:amd64 (1.5.0-3, automatic), libqt5opengl5:amd64 (5.15.2+dfsg-9, automatic), libcue2:amd64 (2.2.1-3, automatic), libaudgui5:amd64 (4.0.5-1, automatic), libsdl2-2.0-0:amd64 (2.0.14+dfsg2-3, automatic), libinstpatch-1.0-2:amd64 (1.1.6-1, automatic), libaudcore5:amd64 (4.0.5-1, automatic), libcddb2:amd64 (1.3.2-6+b1, automatic), libaudqt2:amd64 (4.0.5-1, automatic), libaudtag3:amd64 (4.0.5-1, automatic), libsidplayfp5:amd64 (2.0.5-2, automatic)
End-Date: 2022-06-04  08:42:58

Start-Date: 2022-06-04  08:43:31
Commandline: apt install smplayer
Install: libopenal-data:amd64 (1:1.19.1-2, automatic), smplayer-themes:amd64 (1:20.11.0-1, automatic), smplayer:amd64 (21.10.0-1~mx21+1), mpv:amd64 (0.32.0-3, automatic), liblua5.2-0:amd64 (5.2.4-1.1+b3, automatic), libavdevice58:amd64 (7:4.3.4-0+deb11u1+mx21+1, automatic), libopenal1:amd64 (1:1.19.1-2, automatic), libva-wayland2:amd64 (2.10.0-1, automatic), smplayer-l10n:amd64 (21.10.0-1~mx21+1, automatic), libdvdnav4:amd64 (6.1.0-1+b1, automatic), libdc1394-25:amd64 (2.2.6-3, automatic), youtube-dl:amd64 (2021.06.06-1, automatic), libdvdread8:amd64 (6.1.1-2, automatic)
End-Date: 2022-06-04  08:43:36

Start-Date: 2022-06-04  08:43:48
Commandline: apt install gimp
Install: libexiv2-27:amd64 (0.27.3-3+deb11u1, automatic), libamd2:amd64 (1:5.8.1+dfsg-2, automatic), libann0:amd64 (1.1.2+doc-7, automatic), libmypaint-common:amd64 (1.6.0-2, automatic), libgexiv2-2:amd64 (0.12.1-1, automatic), libmypaint-1.5-1:amd64 (1.6.0-2, automatic), libpathplan4:amd64 (2.42.2-5, automatic), gimp-data:amd64 (2.10.28-1~mx21+1, automatic), graphviz:amd64 (2.42.2-5, automatic), libgvpr2:amd64 (2.42.2-5, automatic), libgvc6:amd64 (2.42.2-5, automatic), libcamd2:amd64 (1:5.8.1+dfsg-2, automatic), libgegl-common:amd64 (1:0.4.32-2~mx21+1, automatic), libwmf0.2-7:amd64 (0.2.8.4-17, automatic), libmng1:amd64 (1.0.10+dfsg-3.1+b5, automatic), libopenexr25:amd64 (2.5.4-2, automatic), libgegl-0.4-0:amd64 (1:0.4.32-2~mx21+1, automatic), libcgraph6:amd64 (2.42.2-5, automatic), libcholmod3:amd64 (1:5.8.1+dfsg-2, automatic), libcdt5:amd64 (2.42.2-5, automatic), gimp:amd64 (2.10.28-1~mx21+1), libgimp2.0:amd64 (2.10.28-1~mx21+1, automatic), libumfpack5:amd64 (1:5.8.1+dfsg-2, automatic), libilmbase25:amd64 (2.5.4-1, automatic), libbabl-0.1-0:amd64 (1:0.1.86-1~mx21+1, automatic), liblab-gamut1:amd64 (2.42.2-5, automatic), libmetis5:amd64 (5.1.0.dfsg-7, automatic), libraw20:amd64 (0.20.2-1, automatic), libccolamd2:amd64 (1:5.8.1+dfsg-2, automatic), libgts-0.7-5:amd64 (0.7.6+darcs121130-4+b1, automatic)
End-Date: 2022-06-04  08:43:57

Start-Date: 2022-06-04  08:44:16
Commandline: apt install cups cups-pdf
Install: cups-filters:amd64 (1.28.7-1+deb11u1, automatic), cups-common:amd64 (2.3.3op2-3+deb11u2, automatic), cups-client:amd64 (2.3.3op2-3+deb11u2, automatic), cups-ppdc:amd64 (2.3.3op2-3+deb11u2, automatic), cups-daemon:amd64 (2.3.3op2-3+deb11u2, automatic), libfontembed1:amd64 (1.28.7-1+deb11u1, automatic), libqpdf28:amd64 (10.1.0-1, automatic), libpoppler-cpp0v5:amd64 (20.09.0-3.1, automatic), cups-filters-core-drivers:amd64 (1.28.7-1+deb11u1, automatic), poppler-utils:amd64 (20.09.0-3.1, automatic), cups-ipp-utils:amd64 (2.3.3op2-3+deb11u2, automatic), ghostscript:amd64 (9.53.3~dfsg-7+deb11u2, automatic), printer-driver-cups-pdf:amd64 (3.0.1-9), libpaper-utils:amd64 (1.1.28+b1, automatic), cups-core-drivers:amd64 (2.3.3op2-3+deb11u2, automatic), cups:amd64 (2.3.3op2-3+deb11u2), cups-server-common:amd64 (2.3.3op2-3+deb11u2, automatic), libcupsfilters1:amd64 (1.28.7-1+deb11u1, automatic)
Upgrade: libcups2:amd64 (2.3.3op2-3+deb11u1, 2.3.3op2-3+deb11u2)
End-Date: 2022-06-04  08:44:26

Start-Date: 2022-06-04  08:44:41
Commandline: apt install gutenprint-locales
Install: gutenprint-locales:amd64 (5.3.3-5)
End-Date: 2022-06-04  08:44:41

Start-Date: 2022-06-04  08:45:04
Commandline: apt install synaptic
Install: synaptic:amd64 (0.90.2), libept1.6.0:amd64 (1.2.1, automatic)
End-Date: 2022-06-04  08:45:05

Start-Date: 2022-06-04  08:45:33
Commandline: apt install uim uim-anthy kasumi im-config zenity uim-gtk2.0 uim-qt5 uim-gtk3 uim-xim uim-fep
Install: libm17n-0:amd64 (1.8.0-2, automatic), libgcroots0:amd64 (0.9.1-1, automatic), uim-gtk2.0:amd64 (1:1.8.8-9), anthy:amd64 (1:0.4-2, automatic), uim-gtk3:amd64 (1:1.8.8-9), uim:amd64 (1:1.8.8-9), uim-gtk2.0-immodule:amd64 (1:1.8.8-9, automatic), libanthyinput0:amd64 (1:0.4-2, automatic), libuim-scm0:amd64 (1:1.8.8-9, automatic), uim-gtk3-immodule:amd64 (1:1.8.8-9, automatic), im-config:amd64 (0.46-1+deb11u1), uim-qt5-immodule:amd64 (1:1.8.8-9, automatic), libanthy1:amd64 (1:0.4-2, automatic), uim-data:amd64 (1:1.8.8-9, automatic), uim-anthy:amd64 (1:1.8.8-9), libuim-data:amd64 (1:1.8.8-9, automatic), libuim-custom2:amd64 (1:1.8.8-9, automatic), anthy-common:amd64 (1:0.4-2, automatic), m17n-db:amd64 (1.8.0-3, automatic), kasumi:amd64 (2.5-9+b1), uim-plugins:amd64 (1:1.8.8-9, automatic), libotf0:amd64 (0.9.13-7, automatic), libuim8:amd64 (1:1.8.8-9, automatic), uim-fep:amd64 (1:1.8.8-9), uim-qt5:amd64 (1:1.8.8-9), uim-xim:amd64 (1:1.8.8-9)
End-Date: 2022-06-04  08:45:39

Start-Date: 2022-06-04  08:45:57
Commandline: apt install fonts-vlgothic
Install: fonts-vlgothic:amd64 (20200720-1)
End-Date: 2022-06-04  08:45:58

Start-Date: 2022-06-04  08:58:41
Commandline: /usr/sbin/synaptic
Requested-By: demo (1000)
Install: firefox-l10n-xpi-de:amd64 (101.0~mozillabinaries-1mx21+1), firefox-l10n-xpi-fr:amd64 (101.0~mozillabinaries-1mx21+1), firefox-l10n-xpi-it:amd64 (101.0~mozillabinaries-1mx21+1), firefox-l10n-xpi-ja:amd64 (101.0~mozillabinaries-1mx21+1), firefox-l10n-xpi-ru:amd64 (101.0~mozillabinaries-1mx21+1), firefox-l10n-xpi-pt-pt:amd64 (101.0~mozillabinaries-1mx21+1), firefox-l10n-xpi-zh-tw:amd64 (101.0~mozillabinaries-1mx21+1)
End-Date: 2022-06-04  08:58:42

Start-Date: 2022-06-04  09:00:34
Commandline: /usr/sbin/synaptic
Requested-By: demo (1000)
Install: libreoffice-l10n-de:amd64 (1:7.0.4-4+deb11u1), libreoffice-l10n-es:amd64 (1:7.0.4-4+deb11u1), libreoffice-l10n-fr:amd64 (1:7.0.4-4+deb11u1), libreoffice-l10n-it:amd64 (1:7.0.4-4+deb11u1), libreoffice-l10n-ja:amd64 (1:7.0.4-4+deb11u1), libreoffice-l10n-pt:amd64 (1:7.0.4-4+deb11u1), libreoffice-l10n-ru:amd64 (1:7.0.4-4+deb11u1), libreoffice-l10n-zh-cn:amd64 (1:7.0.4-4+deb11u1)
End-Date: 2022-06-04  09:01:00
