
Start-Date: 2022-10-05  11:40:32
Commandline: apt upgrade
Upgrade: mx-cleanup:amd64 (22.8.01, 22.9), librubberband2:amd64 (1.9.0-1, 3.0.0+dfsg0-1~mx21+1), bind9-host:amd64 (1:9.16.27-1~deb11u1, 1:9.16.33-1~deb11u1), tzdata:amd64 (2021a-1+deb11u5, 2021a-1+deb11u6), lo-main-helper:amd64 (22.09.02mx21, 22.09.03mx21), mx-tweak:amd64 (22.8mx21, 22.10.01mx21), libexpat1:amd64 (2.2.10-2+deb11u3, 2.2.10-2+deb11u4), grub-pc-bin:amd64 (2.06-3~deb11u1, 2.06-3~deb11u2), gir1.2-javascriptcoregtk-4.0:amd64 (2.36.7-1~deb11u1, 2.38.0-1~deb11u1), gir1.2-webkit2-4.0:amd64 (2.36.7-1~deb11u1, 2.38.0-1~deb11u1), firefox:amd64 (104.0.2~mozillabinaries-1mx21+1, 105.0.1~mozillabinaries-1mx21+1), featherpad-l10n:amd64 (1.3.1-0.1~mx21+1, 1.3.2-0.1~mx21+1), bind9-dnsutils:amd64 (1:9.16.27-1~deb11u1, 1:9.16.33-1~deb11u1), lightdm-gtk-greeter-mx21:amd64 (21.09.01, 22.10.01), libjavascriptcoregtk-4.0-18:amd64 (2.36.7-1~deb11u1, 2.38.0-1~deb11u1), mx-packageinstaller-pkglist:amd64 (22.09.02mx21, 22.09.03mx21), grub-efi-amd64-bin:amd64 (2.06-3~deb11u1, 2.06-3~deb11u2), grub2-common:amd64 (2.06-3~deb11u1, 2.06-3~deb11u2), grub-common:amd64 (2.06-3~deb11u1, 2.06-3~deb11u2), bind9-libs:amd64 (1:9.16.27-1~deb11u1, 1:9.16.33-1~deb11u1), ddm-mx:amd64 (22.08.03mx21, 22.10.01mx21), grub-efi-ia32-bin:amd64 (2.06-3~deb11u1, 2.06-3~deb11u2), libwebkit2gtk-4.0-37:amd64 (2.36.7-1~deb11u1, 2.38.0-1~deb11u1), grub-pc:amd64 (2.06-3~deb11u1, 2.06-3~deb11u2), featherpad:amd64 (1.3.1-0.1~mx21+1, 1.3.2-0.1~mx21+1), dnsutils:amd64 (1:9.16.27-1~deb11u1, 1:9.16.33-1~deb11u1)
End-Date: 2022-10-05  11:41:01

Start-Date: 2022-10-05  11:41:39
Commandline: apt install uim-anthy uim im-config zenity kasumi uim-gtk2.0 uim-gtk3 uim-qt5 uim-xim uim-fep fonts-vlgothic
Install: libm17n-0:amd64 (1.8.0-2, automatic), libgcroots0:amd64 (0.9.1-1, automatic), uim-gtk2.0:amd64 (1:1.8.8-9), anthy:amd64 (1:0.4-2, automatic), uim-gtk3:amd64 (1:1.8.8-9), uim:amd64 (1:1.8.8-9), uim-gtk2.0-immodule:amd64 (1:1.8.8-9, automatic), libanthyinput0:amd64 (1:0.4-2, automatic), libuim-scm0:amd64 (1:1.8.8-9, automatic), uim-gtk3-immodule:amd64 (1:1.8.8-9, automatic), im-config:amd64 (0.46-1+deb11u1), uim-qt5-immodule:amd64 (1:1.8.8-9, automatic), libanthy1:amd64 (1:0.4-2, automatic), uim-data:amd64 (1:1.8.8-9, automatic), uim-anthy:amd64 (1:1.8.8-9), libuim-data:amd64 (1:1.8.8-9, automatic), libuim-custom2:amd64 (1:1.8.8-9, automatic), zenity-common:amd64 (3.32.0-6, automatic), zenity:amd64 (3.32.0-6), anthy-common:amd64 (1:0.4-2, automatic), m17n-db:amd64 (1.8.0-3, automatic), kasumi:amd64 (2.5-9+b1), uim-plugins:amd64 (1:1.8.8-9, automatic), libotf0:amd64 (0.9.13-7, automatic), libuim8:amd64 (1:1.8.8-9, automatic), uim-fep:amd64 (1:1.8.8-9), uim-qt5:amd64 (1:1.8.8-9), uim-xim:amd64 (1:1.8.8-9)
End-Date: 2022-10-05  11:41:46

Start-Date: 2022-10-05  11:42:32
Commandline: apt install uim-chewing uim-pinyin fonts-wqy-microhei
Install: libchewing3-data:amd64 (0.5.1-4, automatic), uim-pinyin:amd64 (1:1.8.8-9), uim-chewing:amd64 (0.1.0-6), libchewing3:amd64 (0.5.1-4, automatic)
End-Date: 2022-10-05  11:42:33

Start-Date: 2022-10-05  11:43:11
Commandline: apt install libreoffice-l10n-de libreoffice-l10n-es libreoffice-l10n-fr libreoffice-l10n-hi libreoffice-l10n-hr libreoffice-l10n-hu libreoffice-l10n-id libreoffice-l10n-it libreoffice-l10n-ja libreoffice-l10n-nl libreoffice-l10n-pt-br libreoffice-l10n-ru libreoffice-l10n-sv libreoffice-l10n-zh-cn libreoffice-l10n-zh-tw
Install: libreoffice-l10n-de:amd64 (1:7.0.4-4+deb11u3), libreoffice-l10n-es:amd64 (1:7.0.4-4+deb11u3), libreoffice-l10n-fr:amd64 (1:7.0.4-4+deb11u3), libreoffice-l10n-hi:amd64 (1:7.0.4-4+deb11u3), libreoffice-l10n-hr:amd64 (1:7.0.4-4+deb11u3), libreoffice-l10n-hu:amd64 (1:7.0.4-4+deb11u3), libreoffice-l10n-id:amd64 (1:7.0.4-4+deb11u3), libreoffice-l10n-it:amd64 (1:7.0.4-4+deb11u3), libreoffice-l10n-ja:amd64 (1:7.0.4-4+deb11u3), libreoffice-l10n-nl:amd64 (1:7.0.4-4+deb11u3), libreoffice-l10n-ru:amd64 (1:7.0.4-4+deb11u3), libreoffice-l10n-sv:amd64 (1:7.0.4-4+deb11u3), libreoffice-l10n-pt-br:amd64 (1:7.0.4-4+deb11u3), libreoffice-l10n-zh-cn:amd64 (1:7.0.4-4+deb11u3), libreoffice-l10n-zh-tw:amd64 (1:7.0.4-4+deb11u3)
End-Date: 2022-10-05  11:44:11

Start-Date: 2022-10-05  11:44:21
Commandline: apt install firefox-l10n-xpi-de firefox-l10n-xpi-es-es firefox-l10n-xpi-fr firefox-l10n-xpi-hi-in firefox-l10n-xpi-hr firefox-l10n-xpi-hu firefox-l10n-xpi-id firefox-l10n-xpi-it firefox-l10n-xpi-ja firefox-l10n-xpi-nl firefox-l10n-xpi-pt-br firefox-l10n-xpi-ru firefox-l10n-xpi-sv-se firefox-l10n-xpi-zh-tw
Install: firefox-l10n-xpi-hi-in:amd64 (105.0.1~mozillabinaries-1mx21+1), firefox-l10n-xpi-de:amd64 (105.0.1~mozillabinaries-1mx21+1), firefox-l10n-xpi-fr:amd64 (105.0.1~mozillabinaries-1mx21+1), firefox-l10n-xpi-hr:amd64 (105.0.1~mozillabinaries-1mx21+1), firefox-l10n-xpi-hu:amd64 (105.0.1~mozillabinaries-1mx21+1), firefox-l10n-xpi-id:amd64 (105.0.1~mozillabinaries-1mx21+1), firefox-l10n-xpi-it:amd64 (105.0.1~mozillabinaries-1mx21+1), firefox-l10n-xpi-ja:amd64 (105.0.1~mozillabinaries-1mx21+1), firefox-l10n-xpi-nl:amd64 (105.0.1~mozillabinaries-1mx21+1), firefox-l10n-xpi-ru:amd64 (105.0.1~mozillabinaries-1mx21+1), firefox-l10n-xpi-pt-br:amd64 (105.0.1~mozillabinaries-1mx21+1), firefox-l10n-xpi-zh-tw:amd64 (105.0.1~mozillabinaries-1mx21+1), firefox-l10n-xpi-sv-se:amd64 (105.0.1~mozillabinaries-1mx21+1), firefox-l10n-xpi-es-es:amd64 (105.0.1~mozillabinaries-1mx21+1)
End-Date: 2022-10-05  11:44:24
