
Start-Date: 2023-08-02  15:56:47
Commandline: apt remove xfce4 exo-utils libexo-2-0 libexo-common libexo-helpers libgarcon-1-0 libgarcon-common libnotify-bin libthunarx-3-0 libtumbler-1-0 libwnck-common libwnck22 libxfce4panel-2.0-4 libxfce4ui-1-0 libxfce4ui-2-0 libxfce4ui-common libxfce4ui-utils libxfce4util-bin libxfce4util-common libxfce4util7 light-locker pavucontrol tango-icon-theme thunar thunar-data thunar-volman tumbler tumbler-common xfce4-appfinder xfce4-notifyd xfce4-panel xfce4-pulseaudio-plugin xfce4-session xfce4-settings xfconf xfdesktop4 xfdesktop4-data xfwm4 thunar-archive-plugin thunar-media-tags-plugin tumbler-plugins-extra xfce4-goodies xfce4-power-manager
Install: xbitmaps:amd64 (1.1.1-2.2, automatic), xterm:amd64 (379-1, automatic)
Remove: xfce4-xkb-plugin:amd64 (1:0.8.3-1), thunar-modified-desktop-file:amd64 (21.07.01), xfce4-battery-plugin:amd64 (1.1.4-1), exo-utils:amd64 (4.18.0-1), libxfce4ui-common:amd64 (4.18.4-0.1~mx23+1), thunar-data:amd64 (4.18.4-1), blueman:amd64 (2.3.5-2+b1), xfce4-panel:amd64 (4.18.2-1), tumbler:amd64 (4.18.0-1), libxfce4ui-2-0:amd64 (4.18.4-0.1~mx23+1), tumbler-common:amd64 (4.18.0-1), pavucontrol:amd64 (5.0-2), libxfconf-0-3:amd64 (4.18.0-2), xfce4-taskmanager:amd64 (1.5.5-1), libxfce4panel-2.0-4:amd64 (4.18.2-1), xfwm4:amd64 (4.18.0-1), libnotify-bin:amd64 (0.8.1-1), libgarcon-gtk3-1-0:amd64 (4.18.0-1), xfce4-power-manager:amd64 (4.18.1-1), xfce4-docklike-plugin:amd64 (0.4.1-0.1~mx23+1), xfdesktop4:amd64 (4.18.1-1), thunar-archive-plugin:amd64 (0.5.0-1), xfconf:amd64 (4.18.0-2), xfce4-settings:amd64 (4.18.2-1), xfce4-terminal:amd64 (1.0.4-1), xfce4-session:amd64 (4.18.1-1), thunar-volman:amd64 (4.18.0-1), libtumbler-1-0:amd64 (4.18.0-1), xfce4-places-plugin:amd64 (1.8.3-1), libexo-2-0:amd64 (4.18.0-1), xfce4-appfinder:amd64 (4.18.0-1), desktop-defaults-mx-xfce:amd64 (23.06.02mx23), thunar:amd64 (4.18.4-1), xfce4-power-manager-plugins:amd64 (4.18.1-1), xfce4-wavelan-plugin:amd64 (0.6.3-1), libxfce4util7:amd64 (4.18.1-2), xfdesktop4-data:amd64 (4.18.1-1), user-installed-packages:amd64 (23.07.02), xfce4-screenshooter:amd64 (1.10.3-1), libthunarx-3-0:amd64 (4.18.4-1), xfce4-genmon-plugin:amd64 (4.1.1-1), xfce4-mount-plugin:amd64 (1.1.5-1), xfce4-pulseaudio-plugin:amd64 (0.4.5-1), xfce4-whiskermenu-plugin:amd64 (2.7.2-1), xfce4-datetime-plugin:amd64 (0.8.2-1), libgarcon-1-0:amd64 (4.18.0-1), xfce4-fsguard-plugin:amd64 (1.1.2-1), xfce4-notifyd:amd64 (0.7.3-1), libxfce4util-common:amd64 (4.18.1-2), libgarcon-common:amd64 (4.18.0-1), libexo-common:amd64 (4.18.0-1)
End-Date: 2023-08-02  15:57:07

Start-Date: 2023-08-02  15:57:38
Commandline: apt remove xfce-superkey-mx xfce4-dev-tools xfce4-power-manager-data xfce4-helpers desktop-defaults-mx-xfce-system desktop-defaults-mx-xfce-desktop file-roller libnautilus-extension4 menulibre qpdfview gthumb pdfarranger mx-tour mc info gsmartcontrol htop luckybackup transmission-gtk
Remove: xfce4-power-manager-data:amd64 (4.18.1-1), desktop-defaults-mx-xfce-system:amd64 (23.06.02mx23), xfce4-helpers:amd64 (4.18.2-1), xfce-superkey-mx:amd64 (21.09.01), desktop-defaults-mx-xfce-desktop:amd64 (23.06.02mx23)
End-Date: 2023-08-02  15:57:39

Start-Date: 2023-08-02  15:59:23
Commandline: apt remove dpkg-dev g++ gcc libc6-dev make fakeroot open-vm-tools
Remove: rtl8821cu-dkms:amd64 (5.12.0+git20230215-1~mx23+3), rtl8812au-dkms:amd64 (5.13.6+git20230615-1~mx23), broadcom-sta-dkms:amd64 (6.30.223.271-23), rtl8821ce-dkms:amd64 (5.5.2.1+git20230504-0~mx23+1), dpkg-dev:amd64 (1.21.22), make:amd64 (4.3-4.1), libc6-dev:amd64 (2.36-9+deb12u1), dkms:amd64 (3.0.10-8+deb12u1)
End-Date: 2023-08-02  15:59:46

Start-Date: 2023-08-02  16:00:03
Commandline: apt remove featherpad featherpad-l10n galculator thunderbird timeshift
Remove: featherpad-l10n:amd64 (1.4.1-0.1~mx23+1), featherpad:amd64 (1.4.1-0.1~mx23+1)
End-Date: 2023-08-02  16:00:03

Start-Date: 2023-08-02  16:00:54
Commandline: apt upgrade
Upgrade: firefox:amd64 (115.0.3~mozillabinaries-1mx23+1, 116.0~mozillabinaries-1mx23+1), mx-installer:amd64 (23.7.14mx23, 23.8mx23)
End-Date: 2023-08-02  16:01:08

Start-Date: 2023-08-02  16:03:21
Commandline: apt install cinnamon-core cinnamon-l10n
Install: gkbd-capplet:amd64 (3.28.1-1, automatic), libxapp1:amd64 (2.4.2-3, automatic), libecal-2.0-2:amd64 (3.46.4-2, automatic), muffin:amd64 (5.6.4-1, automatic), gir1.2-cmenu-3.0:amd64 (5.6.0-1, automatic), libedataserver-1.2-27:amd64 (3.46.4-2, automatic), libcaribou0:amd64 (0.4.21-8, automatic), cinnamon-screensaver:amd64 (5.6.3-1, automatic), libgsf-1-114:amd64 (1.14.50-1, automatic), python3-tz:amd64 (2022.7.1-4, automatic), xapps-common:amd64 (2.4.2-3, automatic), libcinnamon-desktop4:amd64 (5.6.1-1, automatic), apg:amd64 (2.2.3.dfsg.1-5+b2, automatic), cjs:amd64 (5.6.0-1, automatic), gir1.2-json-1.0:amd64 (1.6.6-1, automatic), evolution-data-server-common:amd64 (3.46.4-2, automatic), nemo-data:amd64 (5.6.4-1, automatic), python3-tinycss2:amd64 (1.2.1-2, automatic), gir1.2-notify-0.7:amd64 (0.8.1-1, automatic), desktop-base:amd64 (12.0.6+nmu1~deb12u1, automatic), libgoa-1.0-common:amd64 (3.46.0-1, automatic), gir1.2-gkbd-3.0:amd64 (3.28.1-1, automatic), libwpebackend-fdo-1.0-1:amd64 (1.14.2-1, automatic), gir1.2-gsound-1.0:amd64 (1.0.3-2, automatic), cinnamon-session-common:amd64 (5.6.0-1, automatic), cinnamon-l10n:amd64 (5.6.1-2), gir1.2-nma-1.0:amd64 (1.10.6-1, automatic), libtimezonemap-data:amd64 (0.4.6-3, automatic), python3-ptyprocess:amd64 (0.7.0-5, automatic), gir1.2-cinnamondesktop-3.0:amd64 (5.6.1-1, automatic), python3-distro:amd64 (1.8.0-1, automatic), libmuffin0:amd64 (5.6.4-1, automatic), libmanette-0.2-0:amd64 (0.2.6-3+b1, automatic), cinnamon-settings-daemon:amd64 (5.6.2-2, automatic), libgoa-1.0-0b:amd64 (3.46.0-1, automatic), libwebpdemux2:amd64 (1.2.4-0.2, automatic), libjavascriptcoregtk-4.1-0:amd64 (2.40.3-2~deb12u2, automatic), gir1.2-edataserver-1.2:amd64 (3.46.4-2, automatic), gir1.2-gnomedesktop-3.0:amd64 (43.2-2, automatic), emacsen-common:amd64 (3.0.5, automatic), python3-requests:amd64 (2.28.1+dfsg-1, automatic), libgsound0:amd64 (1.0.3-2, automatic), gir1.2-cscreensaver-1.0:amd64 (5.6.3-1, automatic), libcscreensaver0:amd64 (5.6.3-1, automatic), gir1.2-nemo-3.0:amd64 (5.6.4-1, automatic), libcaribou-common:amd64 (0.4.21-8, automatic), libsoup-gnome2.4-1:amd64 (2.74.3-1, automatic), gvfs-common:amd64 (1.50.3-1, automatic), gvfs-libs:amd64 (1.50.3-1, automatic), gir1.2-caribou-1.0:amd64 (0.4.21-8, automatic), libcamel-1.2-64:amd64 (3.46.4-2, automatic), libgee-0.8-2:amd64 (0.20.6-1, automatic), libgav1-1:amd64 (0.18.0-1+b1, automatic), libexempi8:amd64 (2.6.3-1, automatic), gir1.2-timezonemap-1.0:amd64 (0.4.6-3, automatic), python3-pkg-resources:amd64 (66.1.1-1, automatic), muffin-common:amd64 (5.6.4-1, automatic), gir1.2-graphene-1.0:amd64 (1.10.8-1, automatic), python3-pexpect:amd64 (4.8.0-4, automatic), libwoff1:amd64 (1.0.2-2, automatic), libaspell15:amd64 (0.60.8-4+b1, automatic), gnome-themes-extra-data:amd64 (3.28-2, automatic), libcinnamon-menu-3-0:amd64 (5.6.0-1, automatic), gir1.2-accountsservice-1.0:amd64 (22.08.8-6, automatic), libharfbuzz-icu0:amd64 (6.0.0+dfsg-3, automatic), libcjs0:amd64 (5.6.0-1, automatic), python3-psutil:amd64 (5.9.4-1+b1, automatic), hunspell-en-us:amd64 (1:2020.12.07-2, automatic), libwpe-1.0-1:amd64 (1.14.0-1, automatic), dictionaries-common:amd64 (1.29.5, automatic), libgnomekbd-common:amd64 (3.28.1-1, automatic), python3-xapp:amd64 (2.4.0-1, automatic), mailcap:amd64 (3.70+nmu1, automatic), libgnome-desktop-3-20:amd64 (43.2-2, automatic), gvfs:amd64 (1.50.3-1, automatic), gvfs-daemons:amd64 (1.50.3-1, automatic), gnome-desktop3-data:amd64 (43.2-2, automatic), fonts-quicksand:amd64 (0.2016-2.1, automatic), python3-pyinotify:amd64 (0.9.6-2, automatic), libcvc0:amd64 (5.6.1-1, automatic), cinnamon:amd64 (5.6.8-1, automatic), zenity-common:amd64 (3.44.0-1, automatic), libyuv0:amd64 (0.0~git20230123.b2528b0-1, automatic), gnome-backgrounds:amd64 (43.1-1, automatic), zenity:amd64 (3.44.0-1, automatic), gir1.2-polkit-1.0:amd64 (122-3, automatic), cinnamon-control-center-data:amd64 (5.6.1-1, automatic), gir1.2-ecal-2.0:amd64 (3.46.4-2, automatic), python3-certifi:amd64 (2022.9.24-1, automatic), python3-setproctitle:amd64 (1.3.1-1+b2, automatic), cinnamon-desktop-data:amd64 (5.6.1-1, automatic), gir1.2-meta-muffin-0.0:amd64 (5.6.4-1, automatic), python3-webencodings:amd64 (0.5.1-5, automatic), libtimezonemap1:amd64 (0.4.6-3, automatic), gettext:amd64 (0.21-12, automatic), cups-pk-helper:amd64 (0.2.6-1+b1, automatic), libwebkit2gtk-4.1-0:amd64 (2.40.3-2~deb12u2, automatic), libxcb-res0:amd64 (1.15-1, automatic), gir1.2-cvc-1.0:amd64 (5.6.1-1, automatic), libabsl20220623:amd64 (20220623.1-1, automatic), libimagequant0:amd64 (2.17.0-1, automatic), python3-pil:amd64 (9.4.0-1.1+b1, automatic), libcinnamon-control-center1:amd64 (5.6.1-1, automatic), libxkbregistry0:amd64 (1.5.0-1, automatic), libavif15:amd64 (0.11.1-1, automatic), libgail-3-0:amd64 (3.24.37-2, automatic), python-tinycss2-common:amd64 (1.2.1-2, automatic), libnemo-extension1:amd64 (5.6.4-1, automatic), python3-tinycss:amd64 (0.4-6+b1, automatic), mime-support:amd64 (3.66, automatic), gtk2-engines-pixbuf:amd64 (2.24.33-2, automatic), nemo:amd64 (5.6.4-1, automatic), cinnamon-session:amd64 (5.6.0-1, automatic), libhyphen0:amd64 (2.8.8-7, automatic), gir1.2-keybinder-3.0:amd64 (0.3.2-1.1, automatic), gir1.2-soup-2.4:amd64 (2.74.3-1, automatic), gir1.2-soup-3.0:amd64 (3.2.2-2, automatic), gir1.2-goa-1.0:amd64 (3.46.0-1, automatic), libraqm0:amd64 (0.7.0-4.1, automatic), python3-chardet:amd64 (5.1.0+dfsg-2, automatic), cinnamon-common:amd64 (5.6.8-1, automatic), libenchant-2-2:amd64 (2.3.3-2, automatic), gir1.2-gdesktopenums-3.0:amd64 (43.0-1, automatic), libgnomekbd8:amd64 (3.28.1-1, automatic), iso-flags-png-320x240:amd64 (1.0.2-2, automatic), gnome-themes-extra:amd64 (3.28-2, automatic), gir1.2-upowerglib-1.0:amd64 (0.99.20-2, automatic), python3-charset-normalizer:amd64 (3.0.1-2, automatic), libgraphene-1.0-0:amd64 (1.10.8-1, automatic), cinnamon-core:amd64 (5.6.0), gir1.2-ical-3.0:amd64 (3.0.16-1+b1, automatic), libmozjs-78-0:amd64 (78.15.0-7, automatic), gir1.2-xkl-1.0:amd64 (5.4-4, automatic), gir1.2-xapp-1.0:amd64 (2.4.2-3, automatic), cinnamon-control-center:amd64 (5.6.1-1, automatic), python3-pampy:amd64 (2.0.2-1, automatic), libgsf-1-common:amd64 (1.14.50-1, automatic), gir1.2-camel-1.2:amd64 (3.46.4-2, automatic)
End-Date: 2023-08-02  16:04:13

Start-Date: 2023-08-02  16:04:29
Commandline: apt install cups cups-pdf
Install: cups-filters:amd64 (1.28.17-3, automatic), libpaper1:amd64 (1.1.29, automatic), libjbig2dec0:amd64 (0.19-3, automatic), libidn12:amd64 (1.41-1, automatic), cups-common:amd64 (2.4.2-3+deb12u1, automatic), libijs-0.35:amd64 (0.35-15, automatic), libgs10-common:amd64 (10.0.0~dfsg-11+deb12u1, automatic), cups-client:amd64 (2.4.2-3+deb12u1, automatic), cups-ppdc:amd64 (2.4.2-3+deb12u1, automatic), cups-daemon:amd64 (2.4.2-3+deb12u1, automatic), libgs10:amd64 (10.0.0~dfsg-11+deb12u1, automatic), libfontembed1:amd64 (1.28.17-3, automatic), libqpdf29:amd64 (11.3.0-1, automatic), libpoppler-cpp0v5:amd64 (22.12.0-2+b1, automatic), poppler-data:amd64 (0.4.12-1, automatic), cups-filters-core-drivers:amd64 (1.28.17-3, automatic), poppler-utils:amd64 (22.12.0-2+b1, automatic), cups-ipp-utils:amd64 (2.4.2-3+deb12u1, automatic), ghostscript:amd64 (10.0.0~dfsg-11+deb12u1, automatic), fonts-urw-base35:amd64 (20200910-7, automatic), printer-driver-cups-pdf:amd64 (3.0.1-14), libpaper-utils:amd64 (1.1.29, automatic), cups-core-drivers:amd64 (2.4.2-3+deb12u1, automatic), cups:amd64 (2.4.2-3+deb12u1), libgs-common:amd64 (10.0.0~dfsg-11+deb12u1, automatic), cups-server-common:amd64 (2.4.2-3+deb12u1, automatic), libcupsfilters1:amd64 (1.28.17-3, automatic)
End-Date: 2023-08-02  16:04:41

Start-Date: 2023-08-02  16:05:21
Commandline: apt install system-config-printer system-config-printer-udev
Install: system-config-printer-udev:amd64 (1.5.18-1), gir1.2-packagekitglib-1.0:amd64 (1.2.6-5, automatic), system-config-printer-common:amd64 (1.5.18-1, automatic), gir1.2-handy-1:amd64 (1.8.1-1, automatic), libpackagekit-glib2-18:amd64 (1.2.6-5, automatic), system-config-printer:amd64 (1.5.18-1), python3-cups:amd64 (2.0.1-5+b4, automatic), libhandy-1-0:amd64 (1.8.1-1, automatic), python3-cupshelpers:amd64 (1.5.18-1, automatic)
End-Date: 2023-08-02  16:05:24

Start-Date: 2023-08-02  16:06:20
Commandline: apt install galculator gnome-terminal file-roller evince eog
Install: libsynctex2:amd64 (2022.20220321.62855-5.1+deb12u1, automatic), evince:amd64 (43.1-2+b1), webp-pixbuf-loader:amd64 (0.2.1-1, automatic), eog:amd64 (43.2-1), libdjvulibre-text:amd64 (3.5.28-2, automatic), libpeas-common:amd64 (1.34.0-1, automatic), libgspell-1-common:amd64 (1.12.0-1, automatic), libkpathsea6:amd64 (2022.20220321.62855-5.1+deb12u1, automatic), libevdocument3-4:amd64 (43.1-2+b1, automatic), libgspell-1-2:amd64 (1.12.0-1+b2, automatic), libevview3-3:amd64 (43.1-2+b1, automatic), evince-common:amd64 (43.1-2, automatic), file-roller:amd64 (43.0-1), gir1.2-peas-1.0:amd64 (1.34.0-1+b1, automatic), p7zip-full:amd64 (16.02+dfsg-8, automatic), libdjvulibre21:amd64 (3.5.28-2+b1, automatic), p7zip:amd64 (16.02+dfsg-8, automatic), libnautilus-extension4:amd64 (43.2-1, automatic), libgxps2:amd64 (0.3.2-2+b1, automatic), gnome-terminal-data:amd64 (3.46.8-1, automatic), libpeas-1.0-0:amd64 (1.34.0-1+b1, automatic), gnome-terminal:amd64 (3.46.8-1), galculator:amd64 (2.1.4-1.2), libspectre1:amd64 (0.2.12-1, automatic)
End-Date: 2023-08-02  16:06:25

Start-Date: 2023-08-02  16:07:06
Commandline: apt install audacious gnome-sound-recorder vlc vlc-l10n
Install: vlc-plugin-qt:amd64 (3.0.18-2, automatic), libneon27-gnutls:amd64 (0.32.5-1, automatic), gir1.2-adw-1:amd64 (1.2.2-1, automatic), libvlc5:amd64 (3.0.18-2, automatic), liblirc-client0:amd64 (0.10.1-7.2, automatic), libsdl-image1.2:amd64 (1.2.12-13+b2, automatic), gnome-sound-recorder:amd64 (43~beta-1), vlc-data:amd64 (3.0.18-2, automatic), libgtk-4-common:amd64 (4.8.3+ds-2, automatic), gjs:amd64 (1.74.2-1, automatic), libgjs0g:amd64 (1.74.2-1, automatic), libmatroska7:amd64 (1.7.1-1, automatic), libvlccore9:amd64 (3.0.18-2, automatic), vlc:amd64 (3.0.18-2), audacious:amd64 (4.3.1-1~mx23+1), libcdio-cdda2:amd64 (10.2+2.0.1-1, automatic), vlc-bin:amd64 (3.0.18-2, automatic), libresid-builder0c2a:amd64 (2.1.1-15+b1, automatic), libopenmpt-modplug1:amd64 (0.8.9.0-openmpt1-2+b1, automatic), libopusfile0:amd64 (0.12-4, automatic), audacious-plugins:amd64 (4.3.1-1~mx23+1, automatic), vlc-l10n:amd64 (3.0.18-2), liblua5.2-0:amd64 (5.2.4-3, automatic), libcdio19:amd64 (2.1.0-4, automatic), libspatialaudio0:amd64 (0.3.0+git20180730+dfsg1-2+b1, automatic), audacious-plugins-data:amd64 (4.3.1-1~mx23+1, automatic), libmad0:amd64 (0.15.1b-10.1+b1, automatic), libsidplay2:amd64 (2.1.1-15+b1, automatic), libdvbpsi10:amd64 (1.3.3-1, automatic), libprotobuf-lite32:amd64 (3.21.12-3, automatic), libmms0:amd64 (0.6.4-3, automatic), gir1.2-gtk-4.0:amd64 (4.8.3+ds-2, automatic), gir1.2-gst-plugins-base-1.0:amd64 (1.22.0-3+deb12u1, automatic), libcairo-script-interpreter2:amd64 (1.16.0-7, automatic), libupnp13:amd64 (1:1.8.4-2, automatic), libqt5multimedia5:amd64 (5.15.8-2, automatic), libcloudproviders0:amd64 (0.3.1-2, automatic), libebml5:amd64 (1.4.4-1, automatic), libcue2:amd64 (2.2.1-4, automatic), libnfs13:amd64 (4.0.0-1, automatic), libaudgui5:amd64 (4.3.1-1~mx23+1, automatic), libmozjs-102-0:amd64 (102.11.0-1, automatic), libmpeg2-4:amd64 (0.5.1-9, automatic), gir1.2-gst-plugins-bad-1.0:amd64 (1.22.0-4+deb12u1, automatic), libgtk-4-1:amd64 (4.8.3+ds-2, automatic), libadwaita-1-0:amd64 (1.2.2-1, automatic), libva-wayland2:amd64 (2.17.0-1, automatic), vlc-plugin-video-output:amd64 (3.0.18-2, automatic), libsdl1.2debian:amd64 (1.2.15+dfsg2-8, automatic), liba52-0.7.4:amd64 (0.7.4-20, automatic), libaudcore5:amd64 (4.3.1-1~mx23+1, automatic), libcddb2:amd64 (1.3.2-7, automatic), libaudqt2:amd64 (4.3.1-1~mx23+1, automatic), libaribb24-0:amd64 (1.0.3-2, automatic), libaudtag3:amd64 (4.3.1-1~mx23+1, automatic), libixml10:amd64 (1:1.8.4-2, automatic), libsidplayfp6:amd64 (2.4.2-1, automatic), libvlc-bin:amd64 (3.0.18-2, automatic), vlc-plugin-base:amd64 (3.0.18-2, automatic), libxcb-xv0:amd64 (1.15-1, automatic)
End-Date: 2023-08-02  16:07:17

Start-Date: 2023-08-02  16:07:42
Commandline: apt install formatusb quick-system-info-gui mx-docs
Install: mx-docs:amd64 (20230728), quick-system-info-gui:amd64 (23.07.04), formatusb:amd64 (23.07.02)
End-Date: 2023-08-02  16:07:50

Start-Date: 2023-08-02  16:08:22
Commandline: apt install sylpheed sylpheed-i18n aspell-en
Install: libonig5:amd64 (6.9.8-1, automatic), sylpheed:amd64 (3.8.0~beta1-1), sylpheed-i18n:amd64 (3.8.0~beta1-1), libgtkspell0:amd64 (2.0.16-1.3, automatic), libcompfaceg1:amd64 (1:1.5.2-5.1, automatic), aspell-en:amd64 (2020.12.07-0-1), aspell:amd64 (0.60.8-4+b1, automatic)
End-Date: 2023-08-02  16:08:26

Start-Date: 2023-08-02  16:08:33
Commandline: apt install uim-anthy uim im-config zenity kasumi uim-gtk2.0 uim-gtk3 uim-qt5 uim-xim uim-fep fonts-vlgothic
Install: libm17n-0:amd64 (1.8.0-6, automatic), libgcroots0:amd64 (0.9.1-2, automatic), uim-gtk2.0:amd64 (1:1.8.8-9.2+b2), anthy:amd64 (1:0.4-2, automatic), uim-gtk3:amd64 (1:1.8.8-9.2+b2), libheif1:amd64 (1.15.1-1, automatic), uim:amd64 (1:1.8.8-9.2+b2), uim-gtk2.0-immodule:amd64 (1:1.8.8-9.2+b2, automatic), libanthyinput0:amd64 (1:0.4-2, automatic), libuim-scm0:amd64 (1:1.8.8-9.2+b2, automatic), uim-gtk3-immodule:amd64 (1:1.8.8-9.2+b2, automatic), im-config:amd64 (0.55-2), uim-qt5-immodule:amd64 (1:1.8.8-9.2+b2, automatic), libanthy1:amd64 (1:0.4-2, automatic), uim-data:amd64 (1:1.8.8-9.2, automatic), uim-anthy:amd64 (1:1.8.8-9.2), libuim-data:amd64 (1:1.8.8-9.2, automatic), libuim-custom2:amd64 (1:1.8.8-9.2+b2, automatic), anthy-common:amd64 (1:0.4-2, automatic), fonts-vlgothic:amd64 (20220612-1), m17n-db:amd64 (1.8.0-5, automatic), kasumi:amd64 (2.5-11), uim-plugins:amd64 (1:1.8.8-9.2+b2, automatic), libotf1:amd64 (0.9.16-4, automatic), libuim8:amd64 (1:1.8.8-9.2+b2, automatic), uim-fep:amd64 (1:1.8.8-9.2+b2), libgd3:amd64 (2.3.3-9, automatic), uim-qt5:amd64 (1:1.8.8-9.2+b2), uim-xim:amd64 (1:1.8.8-9.2+b2)
End-Date: 2023-08-02  16:08:39

Start-Date: 2023-08-02  16:08:46
Commandline: apt install uim-chewing uim-pinyin fonts-wqy-microhei
Install: libchewing3-data:amd64 (0.5.1-5, automatic), uim-pinyin:amd64 (1:1.8.8-9.2), uim-chewing:amd64 (0.1.0-7), fonts-wqy-microhei:amd64 (0.2.0-beta-3.1), libchewing3:amd64 (0.5.1-5, automatic)
End-Date: 2023-08-02  16:08:47

Start-Date: 2023-08-02  16:09:02
Commandline: apt install firefox-l10n-xpi-de firefox-l10n-xpi-el firefox-l10n-xpi-es-es firefox-l10n-xpi-fr firefox-l10n-xpi-hi-in firefox-l10n-xpi-hr firefox-l10n-xpi-hu firefox-l10n-xpi-id firefox-l10n-xpi-it firefox-l10n-xpi-ja firefox-l10n-xpi-nl firefox-l10n-xpi-pt-br firefox-l10n-xpi-ru firefox-l10n-xpi-sv-se firefox-l10n-xpi-zh-tw
Install: firefox-l10n-xpi-hi-in:amd64 (116.0~mozillabinaries-1mx23+1), firefox-l10n-xpi-de:amd64 (116.0~mozillabinaries-1mx23+1), firefox-l10n-xpi-el:amd64 (116.0~mozillabinaries-1mx23+1), firefox-l10n-xpi-fr:amd64 (116.0~mozillabinaries-1mx23+1), firefox-l10n-xpi-hr:amd64 (116.0~mozillabinaries-1mx23+1), firefox-l10n-xpi-hu:amd64 (116.0~mozillabinaries-1mx23+1), firefox-l10n-xpi-id:amd64 (116.0~mozillabinaries-1mx23+1), firefox-l10n-xpi-it:amd64 (116.0~mozillabinaries-1mx23+1), firefox-l10n-xpi-ja:amd64 (116.0~mozillabinaries-1mx23+1), firefox-l10n-xpi-nl:amd64 (116.0~mozillabinaries-1mx23+1), firefox-l10n-xpi-ru:amd64 (116.0~mozillabinaries-1mx23+1), firefox-l10n-xpi-pt-br:amd64 (116.0~mozillabinaries-1mx23+1), firefox-l10n-xpi-zh-tw:amd64 (116.0~mozillabinaries-1mx23+1), firefox-l10n-xpi-sv-se:amd64 (116.0~mozillabinaries-1mx23+1), firefox-l10n-xpi-es-es:amd64 (116.0~mozillabinaries-1mx23+1)
End-Date: 2023-08-02  16:09:04

Start-Date: 2023-08-02  16:09:10
Commandline: apt install synaptic
Install: synaptic:amd64 (0.91.3), libept1.6.0:amd64 (1.2.1, automatic)
End-Date: 2023-08-02  16:09:11

Start-Date: 2023-08-02  16:09:19
Commandline: apt install geany geany-plugin-spellcheck
Install: geany-common:amd64 (1.38-1, automatic), geany-plugin-spellcheck:amd64 (1.38+dfsg-2), geany-plugins-common:amd64 (1.38+dfsg-2, automatic), geany:amd64 (1.38-1+b1)
End-Date: 2023-08-02  16:09:21

Start-Date: 2023-08-02  16:09:25
Commandline: apt autoremove
Remove: libxpresent1:amd64 (1.0.0-2+b10), libnsl-dev:amd64 (1.3.0-2), rpcsvc-proto:amd64 (1.4.3-1), libcrypt-dev:amd64 (1:4.4.33-2), libc-dev-bin:amd64 (2.36-9+deb12u1), libtirpc-dev:amd64 (1.3.3+ds-1)
End-Date: 2023-08-02  16:09:27

Start-Date: 2023-08-02  16:14:44
Commandline: apt install gnome-screenshot
Install: gnome-screenshot:amd64 (41.0-2)
End-Date: 2023-08-02  16:14:45
