
Start-Date: 2022-07-14  03:32:09
Commandline: apt upgrade
Upgrade: dpkg:amd64 (1.20.10, 1.20.11), linux-kbuild-5.10:amd64 (5.10.120-1, 5.10.127-1), firefox-l10n-xpi-hi-in:amd64 (102.0~mozillabinaries-1mx21+1, 102.0.1~mozillabinaries-1mx21+1), openssh-client:amd64 (1:8.4p1-5, 1:8.4p1-5+deb11u1), firefox-l10n-xpi-de:amd64 (102.0~mozillabinaries-1mx21+1, 102.0.1~mozillabinaries-1mx21+1), firefox-l10n-xpi-fr:amd64 (102.0~mozillabinaries-1mx21+1, 102.0.1~mozillabinaries-1mx21+1), firefox-l10n-xpi-hr:amd64 (102.0~mozillabinaries-1mx21+1, 102.0.1~mozillabinaries-1mx21+1), firefox-l10n-xpi-hu:amd64 (102.0~mozillabinaries-1mx21+1, 102.0.1~mozillabinaries-1mx21+1), firefox-l10n-xpi-id:amd64 (102.0~mozillabinaries-1mx21+1, 102.0.1~mozillabinaries-1mx21+1), firefox-l10n-xpi-it:amd64 (102.0~mozillabinaries-1mx21+1, 102.0.1~mozillabinaries-1mx21+1), firefox-l10n-xpi-ja:amd64 (102.0~mozillabinaries-1mx21+1, 102.0.1~mozillabinaries-1mx21+1), firefox-l10n-xpi-nl:amd64 (102.0~mozillabinaries-1mx21+1, 102.0.1~mozillabinaries-1mx21+1), firefox-l10n-xpi-ru:amd64 (102.0~mozillabinaries-1mx21+1, 102.0.1~mozillabinaries-1mx21+1), linux-compiler-gcc-10-x86:amd64 (5.10.120-1, 5.10.127-1), libfribidi0:amd64 (1.0.8-2, 1.0.8-2+deb11u1), libfreetype6:amd64 (2.10.4+dfsg-1, 2.10.4+dfsg-1+deb11u1), firefox-l10n-xpi-pt-br:amd64 (102.0~mozillabinaries-1mx21+1, 102.0.1~mozillabinaries-1mx21+1), logrotate:amd64 (3.18.0-2, 3.18.0-2+deb11u1), libwbclient0:amd64 (2:4.13.13+dfsg-1~deb11u3, 2:4.13.13+dfsg-1~deb11u4), wireless-regdb:amd64 (2021.08.28-1~mx21+1, 2022.04.08-2~deb11u1), libsmbclient:amd64 (2:4.13.13+dfsg-1~deb11u3, 2:4.13.13+dfsg-1~deb11u4), firefox-l10n-xpi-zh-tw:amd64 (102.0~mozillabinaries-1mx21+1, 102.0.1~mozillabinaries-1mx21+1), firefox:amd64 (102.0~mozillabinaries-1mx21+1, 102.0.1~mozillabinaries-1mx21+1), dpkg-dev:amd64 (1.20.10, 1.20.11), bash:amd64 (5.1-2+b3, 5.1-2+deb11u1), network-manager:amd64 (1.30.0-2, 1.30.6-1+deb11u1), base-files:amd64 (11.1+deb11u3, 11.1+deb11u4), distro-info-data:amd64 (0.51+deb11u1, 0.51+deb11u2), libdpkg-perl:amd64 (1.20.10, 1.20.11), nano:amd64 (5.4-2, 5.4-2+deb11u1), samba-libs:amd64 (2:4.13.13+dfsg-1~deb11u3, 2:4.13.13+dfsg-1~deb11u4), firefox-l10n-xpi-sv-se:amd64 (102.0~mozillabinaries-1mx21+1, 102.0.1~mozillabinaries-1mx21+1), firefox-l10n-xpi-es-es:amd64 (102.0~mozillabinaries-1mx21+1, 102.0.1~mozillabinaries-1mx21+1), libgnutls30:amd64 (3.7.1-5, 3.7.1-5+deb11u1), ssh-askpass-gnome:amd64 (1:8.4p1-5, 1:8.4p1-5+deb11u1), libnm0:amd64 (1.30.0-2, 1.30.6-1+deb11u1), linux-libc-dev:amd64 (5.10.120-1, 5.10.127-1)
End-Date: 2022-07-14  03:32:34

Start-Date: 2022-07-14  03:34:10
Commandline: /usr/sbin/synaptic
Requested-By: demo (1000)
Install: fonts-wqy-microhei:amd64 (0.2.0-beta-3.1)
Remove: fonts-wqy-zenhei:amd64 (0.9.45-8)
End-Date: 2022-07-14  03:34:11

Start-Date: 2022-07-14  03:34:59
Commandline: apt upgrade
Install: linux-headers-5.10.0-16-common:amd64 (5.10.127-1, automatic), linux-headers-5.10.0-16-amd64:amd64 (5.10.127-1, automatic), linux-image-5.10.0-16-amd64:amd64 (5.10.127-1, automatic)
Upgrade: linux-headers-amd64:amd64 (5.10.113-1, 5.10.127-1), linux-image-amd64:amd64 (5.10.113-1, 5.10.127-1)
End-Date: 2022-07-14  03:42:51

Start-Date: 2022-07-14  03:47:22
Commandline: /usr/sbin/synaptic
Requested-By: demo (1000)
Install: formatusb:amd64 (22.06.01)
End-Date: 2022-07-14  03:47:22
