root@mx1:/home/demo# apt install uim-anthy uim im-config zenity kasumi uim-gtk2.0 uim-gtk3 uim-qt5 uim-xim uim-fep fonts-vlgothic
Reading package lists... Done
Building dependency tree... Done
Reading state information... Done
fonts-vlgothic is already the newest version (20200720-1).
zenity is already the newest version (3.32.0-6).
zenity set to manually installed.
The following additional packages will be installed:
  anthy anthy-common libanthy1 libanthyinput0 libgcroots0 libm17n-0 libotf0
  libuim-custom2 libuim-data libuim-scm0 libuim8 m17n-db uim-data
  uim-gtk2.0-immodule uim-gtk3-immodule uim-plugins uim-qt5-immodule
Suggested packages:
  m17n-docs
The following NEW packages will be installed:
  anthy anthy-common im-config kasumi libanthy1 libanthyinput0 libgcroots0
  libm17n-0 libotf0 libuim-custom2 libuim-data libuim-scm0 libuim8 m17n-db
  uim uim-anthy uim-data uim-fep uim-gtk2.0 uim-gtk2.0-immodule uim-gtk3
  uim-gtk3-immodule uim-plugins uim-qt5 uim-qt5-immodule uim-xim
0 upgraded, 26 newly installed, 0 to remove and 0 not upgraded.
Need to get 9,420 kB of archives.
After this operation, 46.1 MB of additional disk space will be used.
Do you want to continue? [Y/n] 


oot@mx1:/home/demo# apt install uim-chewing uim-pinyin fonts-wqy-microhei
Reading package lists... Done
Building dependency tree... Done
Reading state information... Done
fonts-wqy-microhei is already the newest version (0.2.0-beta-3.1).
The following additional packages will be installed:
  libchewing3 libchewing3-data
The following NEW packages will be installed:
  libchewing3 libchewing3-data uim-chewing uim-pinyin
0 upgraded, 4 newly installed, 0 to remove and 0 not upgraded.
Need to get 1,576 kB of archives.
After this operation, 4,116 kB of additional disk space will be used.
Do you want to continue? [Y/n] 
