
Start-Date: 2023-08-17  08:16:09
Commandline: apt install l3afpad
Install: l3afpad:amd64 (0.8.18.1.11-4)
End-Date: 2023-08-17  08:16:10

Start-Date: 2023-08-17  08:18:38
Commandline: apt remove network-manager-pptp-gnome network-manager-gnome
Remove: network-manager-gnome:amd64 (1.30.0-2), network-manager-pptp-gnome:amd64 (1.2.12-1)
End-Date: 2023-08-17  08:18:38

Start-Date: 2023-08-17  08:19:52
Commandline: apt install connman connman-ui cmst
Install: libnetfilter-conntrack3:amd64 (1.0.9-3, automatic), iptables:amd64 (1.8.9-2, automatic), connman-ui:amd64 (0~20150623-1+b2), connman:amd64 (1.41-3), libnfnetlink0:amd64 (1.0.2-2, automatic), libip6tc2:amd64 (1.8.9-2, automatic), cmst:amd64 (2022.11.30-1)
End-Date: 2023-08-17  08:19:55

Start-Date: 2023-08-17  08:20:10
Commandline: apt autoremove
Remove: libmm-glib0:amd64 (1.20.4-1), libnma-gtk4-0:amd64 (1.10.6-1), libgcr-base-3-1:amd64 (3.41.1-1+b1), libayatana-appindicator3-1:amd64 (0.5.92-1), pptp-linux:amd64 (1.10.0-1), libnma-common:amd64 (1.10.6-1), libndp0:amd64 (1.8-1), policykit-1-gnome:amd64 (0.105-8), libnma0:amd64 (1.10.6-1), libteamdctl0:amd64 (1.31-1), network-manager:amd64 (1.42.4-1), network-manager-pptp:amd64 (1.2.12-1), libbluetooth3:amd64 (5.66-1), libayatana-ido3-0.4-0:amd64 (0.9.3-1), libdbusmenu-glib4:amd64 (18.10.20180917~bzr492+repack1-3), libdbusmenu-gtk3-4:amd64 (18.10.20180917~bzr492+repack1-3), libnm0:amd64 (1.42.4-1), libgck-1-0:amd64 (3.41.1-1+b1), libayatana-indicator3-7:amd64 (0.9.3-1)
End-Date: 2023-08-17  08:20:12

Start-Date: 2023-08-17  08:23:35
Commandline: synaptic
Remove: linux-headers-6.1.0-10-amd64:amd64 (6.1.38-2), linux-image-6.1.0-10-amd64:amd64 (6.1.38-2), linux-headers-6.1.0-10-common:amd64 (6.1.38-2)
End-Date: 2023-08-17  08:23:39
