root@mx1:/home/demo# apt install xfce4
Reading package lists... Done
Building dependency tree... Done
Reading state information... Done
The following packages were automatically installed and are no longer required:
  libfftw3-double3 libhyphen0 libqt5sensors5 libqt5webkit5 libwoff1
Use 'apt autoremove' to remove them.
The following additional packages will be installed:
  libgtop-2.0-11 libgtop2-common libxfce4ui-utils
Suggested packages:
  xfce4-goodies
Recommended packages:
  desktop-base tango-icon-theme
The following NEW packages will be installed:
  libgtop-2.0-11 libgtop2-common libxfce4ui-utils xfce4
0 upgraded, 4 newly installed, 0 to remove and 0 not upgraded.
Need to get 374 kB of archives.
After this operation, 1,080 kB of additional disk space will be used.
Do you want to continue? [Y/n] 
Get:1 http://deb.debian.org/debian bullseye/main amd64 libgtop2-common all 2.40.0-2 [95.2 kB]  
Get:2 http://deb.debian.org/debian bullseye/main amd64 libgtop-2.0-11 amd64 2.40.0-2 [72.1 kB] 
Get:3 http://deb.debian.org/debian bullseye/main amd64 xfce4 all 4.16 [8,480 B]
Get:4 http://mirrors.rit.edu/mxlinux/mx-packages/mx/repo bullseye/main amd64 libxfce4ui-utils amd64 4.16.1-1~mx21+1 [198 kB]
Fetched 374 kB in 2s (194 kB/s)            
debconf: delaying package configuration, since apt-utils is not installed
Selecting previously unselected package libgtop2-common.
(Reading database ... 213363 files and directories currently installed.)
Preparing to unpack .../libgtop2-common_2.40.0-2_all.deb ...
Unpacking libgtop2-common (2.40.0-2) ...
Selecting previously unselected package libgtop-2.0-11:amd64.
Preparing to unpack .../libgtop-2.0-11_2.40.0-2_amd64.deb ...
Unpacking libgtop-2.0-11:amd64 (2.40.0-2) ...
Selecting previously unselected package libxfce4ui-utils.
Preparing to unpack .../libxfce4ui-utils_4.16.1-1~mx21+1_amd64.deb ...
Unpacking libxfce4ui-utils (4.16.1-1~mx21+1) ...
Selecting previously unselected package xfce4.
Preparing to unpack .../archives/xfce4_4.16_all.deb ...
Unpacking xfce4 (4.16) ...
Setting up libgtop2-common (2.40.0-2) ...
Setting up libgtop-2.0-11:amd64 (2.40.0-2) ...
Setting up libxfce4ui-utils (4.16.1-1~mx21+1) ...
Setting up xfce4 (4.16) ...
Processing triggers for desktop-file-utils (0.26-1) ...
Processing triggers for hicolor-icon-theme (0.17-2) ...
Processing triggers for libc-bin (2.31-13+deb11u5) ...
Processing triggers for man-db (2.9.4-2) ...
root@mx1:/home/demo# 
