
Start-Date: 2022-05-20  18:27:54
Commandline: apt install gnome-sound-recorder
Install: gnome-sound-recorder:amd64 (3.38.1-1), gjs:amd64 (1.66.2-1, automatic), libgjs0g:amd64 (1.66.2-1, automatic), gir1.2-gstreamer-1.0:amd64 (1.18.4-2.1, automatic), gir1.2-gst-plugins-base-1.0:amd64 (1.18.4-2, automatic), libgstreamer-plugins-bad1.0-0:amd64 (1.18.4-3, automatic), gir1.2-handy-1:amd64 (1.0.3-2, automatic), gir1.2-gst-plugins-bad-1.0:amd64 (1.18.4-3, automatic), libhandy-1-0:amd64 (1.0.3-2, automatic), libmozjs-78-0:amd64 (78.4.0-2, automatic)
End-Date: 2022-05-20  18:27:58

Start-Date: 2022-05-20  18:29:14
Commandline: apt install xine-ui
Install: liblirc-client0:amd64 (0.10.1-6.3, automatic), libxine2-bin:amd64 (1.2.10-4+b1, automatic), libxine2-ffmpeg:amd64 (1.2.10-4+b1, automatic), libmad0:amd64 (0.15.1b-10, automatic), libmpcdec6:amd64 (2:0.1~r495-2, automatic), libwmf0.2-7:amd64 (0.2.8.4-17, automatic), libfaad2:amd64 (2.10.0-1, automatic), libva-glx2:amd64 (2.10.0-1, automatic), libmng1:amd64 (1.0.10+dfsg-3.1+b5, automatic), libmodplug1:amd64 (1:0.8.9.0-3, automatic), libxine2:amd64 (1.2.10-4+b1, automatic), libdirectfb-1.7-7:amd64 (1.7.7-9, automatic), libxine2-x:amd64 (1.2.10-4+b1, automatic), libvcdinfo0:amd64 (2.0.1+dfsg-5, automatic), libiso9660-11:amd64 (2.1.0-2, automatic), libxine2-plugins:amd64 (1.2.10-4, automatic), libxine2-misc-plugins:amd64 (1.2.10-4+b1, automatic), libgraphicsmagick-q16-3:amd64 (1.4+really1.3.36+hg16481-2, automatic), xine-ui:amd64 (0.99.9-2), libsdl1.2debian:amd64 (1.2.15+dfsg2-6, automatic), libdvdnav4:amd64 (6.1.0-1+b1, automatic), libdvdread8:amd64 (6.1.1-2, automatic), libxcb-xv0:amd64 (1.14-3, automatic)
End-Date: 2022-05-20  18:29:19

Start-Date: 2022-05-20  18:50:15
Commandline: apt install mate-applet-appmenu
Install: vala-panel-appmenu-common:amd64 (0.7.6+dfsg1-3, automatic), mate-applet-appmenu:amd64 (0.7.6+dfsg1-3), appmenu-registrar:amd64 (0.7.6-2, automatic)
End-Date: 2022-05-20  18:50:16

Start-Date: 2022-05-20  19:07:16
Commandline: apt install ayatana-indicator-sound
Install: liblomiri-url-dispatcher0:amd64 (0.1.0-4, automatic), libgee-0.8-2:amd64 (0.20.4-1, automatic), ayatana-indicator-common:amd64 (0.8.4-1+deb11u2, automatic), ayatana-indicator-sound:amd64 (0.8.2-1)
End-Date: 2022-05-20  19:07:17

Start-Date: 2022-05-20  19:19:13
Commandline: apt-get -o=Dpkg::Use-Pty=0 install -y --reinstall mate-core mate-desktop-environment
Requested-By: demo (1000)
Install: mate-core:amd64 (1.24.0+4)
Reinstall: mate-desktop-environment:amd64 (1.24.0+4)
End-Date: 2022-05-20  19:19:14

Start-Date: 2022-05-20  19:54:33
Commandline: apt install mate-indicator-applet
Install: mate-indicator-applet:amd64 (1.24.0-2), mate-indicator-applet-common:amd64 (1.24.0-2, automatic)
End-Date: 2022-05-20  19:54:34

Start-Date: 2022-05-20  19:56:43
Commandline: apt install mate-media
Install: mate-media-common:amd64 (1.24.1-1, automatic), mate-media:amd64 (1.24.1-1)
End-Date: 2022-05-20  19:56:44

Start-Date: 2022-05-20  20:00:24
Commandline: apt remove ayatana-indicator-sound
Remove: ayatana-indicator-sound:amd64 (0.8.2-1)
End-Date: 2022-05-20  20:00:24

Start-Date: 2022-05-20  20:00:47
Commandline: apt autoremove
Remove: liblomiri-url-dispatcher0:amd64 (0.1.0-4), libgee-0.8-2:amd64 (0.20.4-1), ayatana-indicator-common:amd64 (0.8.4-1+deb11u2)
End-Date: 2022-05-20  20:00:48

Start-Date: 2022-05-20  22:46:49
Commandline: apt install atril engrampa eom mate-calc zip
Install: libsynctex2:amd64 (2020.20200327.54578-7, automatic), gir1.2-eom-1.0:amd64 (1.24.1-1, automatic), eom:amd64 (1.24.1-1), libdjvulibre-text:amd64 (3.5.28-2, automatic), libmagic-mgc:amd64 (1:5.39-3, automatic), libatrilview3:amd64 (1.24.0-1, automatic), engrampa:amd64 (1.24.1-1), libkpathsea6:amd64 (2020.20200327.54578-7, automatic), zip:amd64 (3.0-12), atril:amd64 (1.24.0-1), libmagic1:amd64 (1:5.39-3, automatic), mate-calc-common:amd64 (1.24.1-1, automatic), atril-common:amd64 (1.24.0-1, automatic), mate-calc:amd64 (1.24.1-1), p7zip-full:amd64 (16.02+dfsg-8, automatic), libdjvulibre21:amd64 (3.5.28-2, automatic), p7zip:amd64 (16.02+dfsg-8, automatic), fonts-mathjax:amd64 (2.7.9+dfsg-1, automatic), libgxps2:amd64 (0.3.2-1, automatic), libjs-mathjax:amd64 (2.7.9+dfsg-1, automatic), libatrildocument3:amd64 (1.24.0-1, automatic), engrampa-common:amd64 (1.24.1-1, automatic), eom-common:amd64 (1.24.1-1, automatic), libspectre1:amd64 (0.2.9-1, automatic)
End-Date: 2022-05-20  22:46:57
